2021-10-01 15:23:25.695  INFO 28596 --- [restartedMain] c.h.hellodemo.HelloDemoApplication       : Starting HelloDemoApplication using Java 17 on odin-Lenovo-Legion-R7000P2020H with PID 28596 (/home/odin/Git_repos/Dian_blog_backend/helloDemo/target/classes started by odin in /home/odin/Git_repos/Dian_blog_backend/helloDemo)
2021-10-01 15:23:25.698  INFO 28596 --- [restartedMain] c.h.hellodemo.HelloDemoApplication       : No active profile set, falling back to default profiles: default
2021-10-01 15:23:25.753  INFO 28596 --- [restartedMain] .e.DevToolsPropertyDefaultsPostProcessor : Devtools property defaults active! Set 'spring.devtools.add-properties' to 'false' to disable
2021-10-01 15:23:25.753  INFO 28596 --- [restartedMain] .e.DevToolsPropertyDefaultsPostProcessor : For additional web related logging consider setting the 'logging.level.web' property to 'DEBUG'
2021-10-01 15:23:26.340  INFO 28596 --- [restartedMain] o.s.b.w.embedded.tomcat.TomcatWebServer  : Tomcat initialized with port(s): 8080 (http)
2021-10-01 15:23:26.345  INFO 28596 --- [restartedMain] o.apache.catalina.core.StandardService   : Starting service [Tomcat]
2021-10-01 15:23:26.346  INFO 28596 --- [restartedMain] org.apache.catalina.core.StandardEngine  : Starting Servlet engine: [Apache Tomcat/9.0.53]
2021-10-01 15:23:26.379  INFO 28596 --- [restartedMain] o.a.c.c.C.[Tomcat].[localhost].[/]       : Initializing Spring embedded WebApplicationContext
2021-10-01 15:23:26.379  INFO 28596 --- [restartedMain] w.s.c.ServletWebServerApplicationContext : Root WebApplicationContext: initialization completed in 625 ms
2021-10-01 15:23:26.596  INFO 28596 --- [restartedMain] o.s.b.d.a.OptionalLiveReloadServer       : LiveReload server is running on port 35729
2021-10-01 15:23:26.626  INFO 28596 --- [restartedMain] o.s.b.w.embedded.tomcat.TomcatWebServer  : Tomcat started on port(s): 8080 (http) with context path ''
2021-10-01 15:23:26.636  INFO 28596 --- [restartedMain] c.h.hellodemo.HelloDemoApplication       : Started HelloDemoApplication in 1.353 seconds (JVM running for 1.823)
2021-10-01 16:08:47.986  INFO 34243 --- [restartedMain] c.h.hellodemo.HelloDemoApplication       : Starting HelloDemoApplication using Java 17 on odin-Lenovo-Legion-R7000P2020H with PID 34243 (/home/odin/Git_repos/Dian_blog_backend/helloDemo/target/classes started by odin in /home/odin/Git_repos/Dian_blog_backend/helloDemo)
2021-10-01 16:08:47.989  INFO 34243 --- [restartedMain] c.h.hellodemo.HelloDemoApplication       : No active profile set, falling back to default profiles: default
2021-10-01 16:08:48.024  INFO 34243 --- [restartedMain] .e.DevToolsPropertyDefaultsPostProcessor : Devtools property defaults active! Set 'spring.devtools.add-properties' to 'false' to disable
2021-10-01 16:08:48.025  INFO 34243 --- [restartedMain] .e.DevToolsPropertyDefaultsPostProcessor : For additional web related logging consider setting the 'logging.level.web' property to 'DEBUG'
2021-10-01 16:08:48.556  INFO 34243 --- [restartedMain] o.s.b.w.embedded.tomcat.TomcatWebServer  : Tomcat initialized with port(s): 8080 (http)
2021-10-01 16:08:48.563  INFO 34243 --- [restartedMain] o.apache.catalina.core.StandardService   : Starting service [Tomcat]
2021-10-01 16:08:48.564  INFO 34243 --- [restartedMain] org.apache.catalina.core.StandardEngine  : Starting Servlet engine: [Apache Tomcat/9.0.53]
2021-10-01 16:08:48.592  INFO 34243 --- [restartedMain] o.a.c.c.C.[Tomcat].[localhost].[/]       : Initializing Spring embedded WebApplicationContext
2021-10-01 16:08:48.593  INFO 34243 --- [restartedMain] w.s.c.ServletWebServerApplicationContext : Root WebApplicationContext: initialization completed in 568 ms
2021-10-01 16:08:48.798  INFO 34243 --- [restartedMain] o.s.b.d.a.OptionalLiveReloadServer       : LiveReload server is running on port 35729
2021-10-01 16:08:48.823  INFO 34243 --- [restartedMain] o.s.b.w.embedded.tomcat.TomcatWebServer  : Tomcat started on port(s): 8080 (http) with context path ''
2021-10-01 16:08:48.831  INFO 34243 --- [restartedMain] c.h.hellodemo.HelloDemoApplication       : Started HelloDemoApplication in 1.135 seconds (JVM running for 1.536)
2021-10-01 16:23:54.664  INFO 35831 --- [restartedMain] c.h.hellodemo.HelloDemoApplication       : Starting HelloDemoApplication using Java 17 on odin-Lenovo-Legion-R7000P2020H with PID 35831 (/home/odin/Git_repos/Dian_blog_backend/helloDemo/target/classes started by odin in /home/odin/Git_repos/Dian_blog_backend/helloDemo)
2021-10-01 16:23:54.666  INFO 35831 --- [restartedMain] c.h.hellodemo.HelloDemoApplication       : No active profile set, falling back to default profiles: default
2021-10-01 16:23:54.700  INFO 35831 --- [restartedMain] .e.DevToolsPropertyDefaultsPostProcessor : Devtools property defaults active! Set 'spring.devtools.add-properties' to 'false' to disable
2021-10-01 16:23:54.700  INFO 35831 --- [restartedMain] .e.DevToolsPropertyDefaultsPostProcessor : For additional web related logging consider setting the 'logging.level.web' property to 'DEBUG'
2021-10-01 16:23:55.261  INFO 35831 --- [restartedMain] o.s.b.w.embedded.tomcat.TomcatWebServer  : Tomcat initialized with port(s): 8080 (http)
2021-10-01 16:23:55.267  INFO 35831 --- [restartedMain] o.apache.catalina.core.StandardService   : Starting service [Tomcat]
2021-10-01 16:23:55.267  INFO 35831 --- [restartedMain] org.apache.catalina.core.StandardEngine  : Starting Servlet engine: [Apache Tomcat/9.0.53]
2021-10-01 16:23:55.303  INFO 35831 --- [restartedMain] o.a.c.c.C.[Tomcat].[localhost].[/]       : Initializing Spring embedded WebApplicationContext
2021-10-01 16:23:55.303  INFO 35831 --- [restartedMain] w.s.c.ServletWebServerApplicationContext : Root WebApplicationContext: initialization completed in 603 ms
2021-10-01 16:23:55.522  INFO 35831 --- [restartedMain] o.s.b.d.a.OptionalLiveReloadServer       : LiveReload server is running on port 35729
2021-10-01 16:23:55.549  INFO 35831 --- [restartedMain] o.s.b.w.embedded.tomcat.TomcatWebServer  : Tomcat started on port(s): 8080 (http) with context path ''
2021-10-01 16:23:55.558  INFO 35831 --- [restartedMain] c.h.hellodemo.HelloDemoApplication       : Started HelloDemoApplication in 1.174 seconds (JVM running for 1.611)
2021-10-01 16:24:11.041  INFO 35831 --- [http-nio-8080-exec-1] o.a.c.c.C.[Tomcat].[localhost].[/]       : Initializing Spring DispatcherServlet 'dispatcherServlet'
2021-10-01 16:24:11.041  INFO 35831 --- [http-nio-8080-exec-1] o.s.web.servlet.DispatcherServlet        : Initializing Servlet 'dispatcherServlet'
2021-10-01 16:24:11.042  INFO 35831 --- [http-nio-8080-exec-1] o.s.web.servlet.DispatcherServlet        : Completed initialization in 0 ms
2021-10-01 16:45:42.719  INFO 37681 --- [restartedMain] c.h.hellodemo.HelloDemoApplication       : Starting HelloDemoApplication using Java 17 on odin-Lenovo-Legion-R7000P2020H with PID 37681 (/home/odin/Git_repos/Dian_blog_backend/helloDemo/target/classes started by odin in /home/odin/Git_repos/Dian_blog_backend/helloDemo)
2021-10-01 16:45:42.721  INFO 37681 --- [restartedMain] c.h.hellodemo.HelloDemoApplication       : No active profile set, falling back to default profiles: default
2021-10-01 16:45:42.756  INFO 37681 --- [restartedMain] .e.DevToolsPropertyDefaultsPostProcessor : Devtools property defaults active! Set 'spring.devtools.add-properties' to 'false' to disable
2021-10-01 16:45:42.757  INFO 37681 --- [restartedMain] .e.DevToolsPropertyDefaultsPostProcessor : For additional web related logging consider setting the 'logging.level.web' property to 'DEBUG'
2021-10-01 16:45:43.351  INFO 37681 --- [restartedMain] o.s.b.w.embedded.tomcat.TomcatWebServer  : Tomcat initialized with port(s): 8080 (http)
2021-10-01 16:45:43.362  INFO 37681 --- [restartedMain] o.apache.catalina.core.StandardService   : Starting service [Tomcat]
2021-10-01 16:45:43.362  INFO 37681 --- [restartedMain] org.apache.catalina.core.StandardEngine  : Starting Servlet engine: [Apache Tomcat/9.0.53]
2021-10-01 16:45:43.398  INFO 37681 --- [restartedMain] o.a.c.c.C.[Tomcat].[localhost].[/]       : Initializing Spring embedded WebApplicationContext
2021-10-01 16:45:43.399  INFO 37681 --- [restartedMain] w.s.c.ServletWebServerApplicationContext : Root WebApplicationContext: initialization completed in 642 ms
2021-10-01 16:45:43.648  INFO 37681 --- [restartedMain] o.s.b.d.a.OptionalLiveReloadServer       : LiveReload server is running on port 35729
2021-10-01 16:45:43.665  INFO 37681 --- [restartedMain] o.s.b.w.embedded.tomcat.TomcatWebServer  : Tomcat started on port(s): 8080 (http) with context path ''
2021-10-01 16:45:43.674  INFO 37681 --- [restartedMain] c.h.hellodemo.HelloDemoApplication       : Started HelloDemoApplication in 1.267 seconds (JVM running for 1.691)
2021-10-01 16:48:32.678  INFO 38200 --- [restartedMain] c.h.hellodemo.HelloDemoApplication       : Starting HelloDemoApplication using Java 17 on odin-Lenovo-Legion-R7000P2020H with PID 38200 (/home/odin/Git_repos/Dian_blog_backend/helloDemo/target/classes started by odin in /home/odin/Git_repos/Dian_blog_backend/helloDemo)
2021-10-01 16:48:32.680  INFO 38200 --- [restartedMain] c.h.hellodemo.HelloDemoApplication       : No active profile set, falling back to default profiles: default
2021-10-01 16:48:32.715  INFO 38200 --- [restartedMain] .e.DevToolsPropertyDefaultsPostProcessor : Devtools property defaults active! Set 'spring.devtools.add-properties' to 'false' to disable
2021-10-01 16:48:32.715  INFO 38200 --- [restartedMain] .e.DevToolsPropertyDefaultsPostProcessor : For additional web related logging consider setting the 'logging.level.web' property to 'DEBUG'
2021-10-01 16:48:33.267  INFO 38200 --- [restartedMain] o.s.b.w.embedded.tomcat.TomcatWebServer  : Tomcat initialized with port(s): 8080 (http)
2021-10-01 16:48:33.276  INFO 38200 --- [restartedMain] o.apache.catalina.core.StandardService   : Starting service [Tomcat]
2021-10-01 16:48:33.276  INFO 38200 --- [restartedMain] org.apache.catalina.core.StandardEngine  : Starting Servlet engine: [Apache Tomcat/9.0.53]
2021-10-01 16:48:33.308  INFO 38200 --- [restartedMain] o.a.c.c.C.[Tomcat].[localhost].[/]       : Initializing Spring embedded WebApplicationContext
2021-10-01 16:48:33.308  INFO 38200 --- [restartedMain] w.s.c.ServletWebServerApplicationContext : Root WebApplicationContext: initialization completed in 593 ms
2021-10-01 16:48:33.539  INFO 38200 --- [restartedMain] o.s.b.d.a.OptionalLiveReloadServer       : LiveReload server is running on port 35729
2021-10-01 16:48:33.561  INFO 38200 --- [restartedMain] o.s.b.w.embedded.tomcat.TomcatWebServer  : Tomcat started on port(s): 8080 (http) with context path ''
2021-10-01 16:48:33.571  INFO 38200 --- [restartedMain] c.h.hellodemo.HelloDemoApplication       : Started HelloDemoApplication in 1.21 seconds (JVM running for 1.662)
2021-10-01 16:50:15.973  INFO 38440 --- [restartedMain] c.h.hellodemo.HelloDemoApplication       : Starting HelloDemoApplication using Java 17 on odin-Lenovo-Legion-R7000P2020H with PID 38440 (/home/odin/Git_repos/Dian_blog_backend/helloDemo/target/classes started by odin in /home/odin/Git_repos/Dian_blog_backend/helloDemo)
2021-10-01 16:50:15.977  INFO 38440 --- [restartedMain] c.h.hellodemo.HelloDemoApplication       : No active profile set, falling back to default profiles: default
2021-10-01 16:50:16.014  INFO 38440 --- [restartedMain] .e.DevToolsPropertyDefaultsPostProcessor : Devtools property defaults active! Set 'spring.devtools.add-properties' to 'false' to disable
2021-10-01 16:50:16.015  INFO 38440 --- [restartedMain] .e.DevToolsPropertyDefaultsPostProcessor : For additional web related logging consider setting the 'logging.level.web' property to 'DEBUG'
2021-10-01 16:50:16.582  INFO 38440 --- [restartedMain] o.s.b.w.embedded.tomcat.TomcatWebServer  : Tomcat initialized with port(s): 8080 (http)
2021-10-01 16:50:16.588  INFO 38440 --- [restartedMain] o.apache.catalina.core.StandardService   : Starting service [Tomcat]
2021-10-01 16:50:16.588  INFO 38440 --- [restartedMain] org.apache.catalina.core.StandardEngine  : Starting Servlet engine: [Apache Tomcat/9.0.53]
2021-10-01 16:50:16.616  INFO 38440 --- [restartedMain] o.a.c.c.C.[Tomcat].[localhost].[/]       : Initializing Spring embedded WebApplicationContext
2021-10-01 16:50:16.616  INFO 38440 --- [restartedMain] w.s.c.ServletWebServerApplicationContext : Root WebApplicationContext: initialization completed in 601 ms
2021-10-01 16:50:16.827  INFO 38440 --- [restartedMain] o.s.b.d.a.OptionalLiveReloadServer       : LiveReload server is running on port 35729
2021-10-01 16:50:16.857  INFO 38440 --- [restartedMain] o.s.b.w.embedded.tomcat.TomcatWebServer  : Tomcat started on port(s): 8080 (http) with context path ''
2021-10-01 16:50:16.870  INFO 38440 --- [restartedMain] c.h.hellodemo.HelloDemoApplication       : Started HelloDemoApplication in 1.194 seconds (JVM running for 1.605)
2021-10-01 16:52:01.603  INFO 39102 --- [restartedMain] c.h.hellodemo.HelloDemoApplication       : Starting HelloDemoApplication using Java 17 on odin-Lenovo-Legion-R7000P2020H with PID 39102 (/home/odin/Git_repos/Dian_blog_backend/helloDemo/target/classes started by odin in /home/odin/Git_repos/Dian_blog_backend/helloDemo)
2021-10-01 16:52:01.606  INFO 39102 --- [restartedMain] c.h.hellodemo.HelloDemoApplication       : No active profile set, falling back to default profiles: default
2021-10-01 16:52:01.648  INFO 39102 --- [restartedMain] .e.DevToolsPropertyDefaultsPostProcessor : Devtools property defaults active! Set 'spring.devtools.add-properties' to 'false' to disable
2021-10-01 16:52:01.648  INFO 39102 --- [restartedMain] .e.DevToolsPropertyDefaultsPostProcessor : For additional web related logging consider setting the 'logging.level.web' property to 'DEBUG'
2021-10-01 16:52:02.200  INFO 39102 --- [restartedMain] o.s.b.w.embedded.tomcat.TomcatWebServer  : Tomcat initialized with port(s): 8080 (http)
2021-10-01 16:52:02.206  INFO 39102 --- [restartedMain] o.apache.catalina.core.StandardService   : Starting service [Tomcat]
2021-10-01 16:52:02.206  INFO 39102 --- [restartedMain] org.apache.catalina.core.StandardEngine  : Starting Servlet engine: [Apache Tomcat/9.0.53]
2021-10-01 16:52:02.234  INFO 39102 --- [restartedMain] o.a.c.c.C.[Tomcat].[localhost].[/]       : Initializing Spring embedded WebApplicationContext
2021-10-01 16:52:02.234  INFO 39102 --- [restartedMain] w.s.c.ServletWebServerApplicationContext : Root WebApplicationContext: initialization completed in 585 ms
2021-10-01 16:52:02.452  INFO 39102 --- [restartedMain] o.s.b.d.a.OptionalLiveReloadServer       : LiveReload server is running on port 35729
2021-10-01 16:52:02.475  INFO 39102 --- [restartedMain] o.s.b.w.embedded.tomcat.TomcatWebServer  : Tomcat started on port(s): 8080 (http) with context path ''
2021-10-01 16:52:02.484  INFO 39102 --- [restartedMain] c.h.hellodemo.HelloDemoApplication       : Started HelloDemoApplication in 1.179 seconds (JVM running for 1.594)
2021-10-01 16:52:59.599  INFO 39329 --- [restartedMain] c.h.hellodemo.HelloDemoApplication       : Starting HelloDemoApplication using Java 17 on odin-Lenovo-Legion-R7000P2020H with PID 39329 (/home/odin/Git_repos/Dian_blog_backend/helloDemo/target/classes started by odin in /home/odin/Git_repos/Dian_blog_backend/helloDemo)
2021-10-01 16:52:59.600  INFO 39329 --- [restartedMain] c.h.hellodemo.HelloDemoApplication       : No active profile set, falling back to default profiles: default
2021-10-01 16:52:59.631  INFO 39329 --- [restartedMain] .e.DevToolsPropertyDefaultsPostProcessor : Devtools property defaults active! Set 'spring.devtools.add-properties' to 'false' to disable
2021-10-01 16:52:59.631  INFO 39329 --- [restartedMain] .e.DevToolsPropertyDefaultsPostProcessor : For additional web related logging consider setting the 'logging.level.web' property to 'DEBUG'
2021-10-01 16:53:00.208  INFO 39329 --- [restartedMain] o.s.b.w.embedded.tomcat.TomcatWebServer  : Tomcat initialized with port(s): 8080 (http)
2021-10-01 16:53:00.215  INFO 39329 --- [restartedMain] o.apache.catalina.core.StandardService   : Starting service [Tomcat]
2021-10-01 16:53:00.215  INFO 39329 --- [restartedMain] org.apache.catalina.core.StandardEngine  : Starting Servlet engine: [Apache Tomcat/9.0.53]
2021-10-01 16:53:00.250  INFO 39329 --- [restartedMain] o.a.c.c.C.[Tomcat].[localhost].[/]       : Initializing Spring embedded WebApplicationContext
2021-10-01 16:53:00.251  INFO 39329 --- [restartedMain] w.s.c.ServletWebServerApplicationContext : Root WebApplicationContext: initialization completed in 619 ms
2021-10-01 16:53:00.487  INFO 39329 --- [restartedMain] o.s.b.d.a.OptionalLiveReloadServer       : LiveReload server is running on port 35729
2021-10-01 16:53:00.509  INFO 39329 --- [restartedMain] o.s.b.w.embedded.tomcat.TomcatWebServer  : Tomcat started on port(s): 8080 (http) with context path ''
2021-10-01 16:53:00.518  INFO 39329 --- [restartedMain] c.h.hellodemo.HelloDemoApplication       : Started HelloDemoApplication in 1.208 seconds (JVM running for 1.616)
2021-10-01 16:53:31.616  INFO 39583 --- [restartedMain] c.h.hellodemo.HelloDemoApplication       : Starting HelloDemoApplication using Java 17 on odin-Lenovo-Legion-R7000P2020H with PID 39583 (/home/odin/Git_repos/Dian_blog_backend/helloDemo/target/classes started by odin in /home/odin/Git_repos/Dian_blog_backend/helloDemo)
2021-10-01 16:53:31.618  INFO 39583 --- [restartedMain] c.h.hellodemo.HelloDemoApplication       : No active profile set, falling back to default profiles: default
2021-10-01 16:53:31.657  INFO 39583 --- [restartedMain] .e.DevToolsPropertyDefaultsPostProcessor : Devtools property defaults active! Set 'spring.devtools.add-properties' to 'false' to disable
2021-10-01 16:53:31.658  INFO 39583 --- [restartedMain] .e.DevToolsPropertyDefaultsPostProcessor : For additional web related logging consider setting the 'logging.level.web' property to 'DEBUG'
2021-10-01 16:53:32.269  INFO 39583 --- [restartedMain] o.s.b.w.embedded.tomcat.TomcatWebServer  : Tomcat initialized with port(s): 8080 (http)
2021-10-01 16:53:32.275  INFO 39583 --- [restartedMain] o.apache.catalina.core.StandardService   : Starting service [Tomcat]
2021-10-01 16:53:32.276  INFO 39583 --- [restartedMain] org.apache.catalina.core.StandardEngine  : Starting Servlet engine: [Apache Tomcat/9.0.53]
2021-10-01 16:53:32.308  INFO 39583 --- [restartedMain] o.a.c.c.C.[Tomcat].[localhost].[/]       : Initializing Spring embedded WebApplicationContext
2021-10-01 16:53:32.308  INFO 39583 --- [restartedMain] w.s.c.ServletWebServerApplicationContext : Root WebApplicationContext: initialization completed in 649 ms
2021-10-01 16:53:32.534  INFO 39583 --- [restartedMain] o.s.b.d.a.OptionalLiveReloadServer       : LiveReload server is running on port 35729
2021-10-01 16:53:32.552  INFO 39583 --- [restartedMain] o.s.b.w.embedded.tomcat.TomcatWebServer  : Tomcat started on port(s): 8080 (http) with context path ''
2021-10-01 16:53:32.561  INFO 39583 --- [restartedMain] c.h.hellodemo.HelloDemoApplication       : Started HelloDemoApplication in 1.255 seconds (JVM running for 1.691)
2021-10-01 16:54:24.676  INFO 39824 --- [restartedMain] c.h.hellodemo.HelloDemoApplication       : Starting HelloDemoApplication using Java 17 on odin-Lenovo-Legion-R7000P2020H with PID 39824 (/home/odin/Git_repos/Dian_blog_backend/helloDemo/target/classes started by odin in /home/odin/Git_repos/Dian_blog_backend/helloDemo)
2021-10-01 16:54:24.677  INFO 39824 --- [restartedMain] c.h.hellodemo.HelloDemoApplication       : No active profile set, falling back to default profiles: default
2021-10-01 16:54:24.714  INFO 39824 --- [restartedMain] .e.DevToolsPropertyDefaultsPostProcessor : Devtools property defaults active! Set 'spring.devtools.add-properties' to 'false' to disable
2021-10-01 16:54:24.715  INFO 39824 --- [restartedMain] .e.DevToolsPropertyDefaultsPostProcessor : For additional web related logging consider setting the 'logging.level.web' property to 'DEBUG'
2021-10-01 16:54:25.265  INFO 39824 --- [restartedMain] o.s.b.w.embedded.tomcat.TomcatWebServer  : Tomcat initialized with port(s): 8080 (http)
2021-10-01 16:54:25.273  INFO 39824 --- [restartedMain] o.apache.catalina.core.StandardService   : Starting service [Tomcat]
2021-10-01 16:54:25.273  INFO 39824 --- [restartedMain] org.apache.catalina.core.StandardEngine  : Starting Servlet engine: [Apache Tomcat/9.0.53]
2021-10-01 16:54:25.303  INFO 39824 --- [restartedMain] o.a.c.c.C.[Tomcat].[localhost].[/]       : Initializing Spring embedded WebApplicationContext
2021-10-01 16:54:25.303  INFO 39824 --- [restartedMain] w.s.c.ServletWebServerApplicationContext : Root WebApplicationContext: initialization completed in 587 ms
2021-10-01 16:54:25.524  INFO 39824 --- [restartedMain] o.s.b.d.a.OptionalLiveReloadServer       : LiveReload server is running on port 35729
2021-10-01 16:54:25.548  INFO 39824 --- [restartedMain] o.s.b.w.embedded.tomcat.TomcatWebServer  : Tomcat started on port(s): 8080 (http) with context path ''
2021-10-01 16:54:25.557  INFO 39824 --- [restartedMain] c.h.hellodemo.HelloDemoApplication       : Started HelloDemoApplication in 1.171 seconds (JVM running for 1.613)
2021-10-01 16:56:12.351  INFO 40259 --- [restartedMain] c.h.hellodemo.HelloDemoApplication       : Starting HelloDemoApplication using Java 17 on odin-Lenovo-Legion-R7000P2020H with PID 40259 (/home/odin/Git_repos/Dian_blog_backend/helloDemo/target/classes started by odin in /home/odin/Git_repos/Dian_blog_backend/helloDemo)
2021-10-01 16:56:12.353  INFO 40259 --- [restartedMain] c.h.hellodemo.HelloDemoApplication       : No active profile set, falling back to default profiles: default
2021-10-01 16:56:12.387  INFO 40259 --- [restartedMain] .e.DevToolsPropertyDefaultsPostProcessor : Devtools property defaults active! Set 'spring.devtools.add-properties' to 'false' to disable
2021-10-01 16:56:12.387  INFO 40259 --- [restartedMain] .e.DevToolsPropertyDefaultsPostProcessor : For additional web related logging consider setting the 'logging.level.web' property to 'DEBUG'
2021-10-01 16:56:12.963  INFO 40259 --- [restartedMain] o.s.b.w.embedded.tomcat.TomcatWebServer  : Tomcat initialized with port(s): 8080 (http)
2021-10-01 16:56:12.968  INFO 40259 --- [restartedMain] o.apache.catalina.core.StandardService   : Starting service [Tomcat]
2021-10-01 16:56:12.969  INFO 40259 --- [restartedMain] org.apache.catalina.core.StandardEngine  : Starting Servlet engine: [Apache Tomcat/9.0.53]
2021-10-01 16:56:13.000  INFO 40259 --- [restartedMain] o.a.c.c.C.[Tomcat].[localhost].[/]       : Initializing Spring embedded WebApplicationContext
2021-10-01 16:56:13.000  INFO 40259 --- [restartedMain] w.s.c.ServletWebServerApplicationContext : Root WebApplicationContext: initialization completed in 613 ms
2021-10-01 16:56:13.220  INFO 40259 --- [restartedMain] o.s.b.d.a.OptionalLiveReloadServer       : LiveReload server is running on port 35729
2021-10-01 16:56:13.238  INFO 40259 --- [restartedMain] o.s.b.w.embedded.tomcat.TomcatWebServer  : Tomcat started on port(s): 8080 (http) with context path ''
2021-10-01 16:56:13.245  INFO 40259 --- [restartedMain] c.h.hellodemo.HelloDemoApplication       : Started HelloDemoApplication in 1.182 seconds (JVM running for 1.591)
2021-10-01 16:56:26.378  INFO 40259 --- [http-nio-8080-exec-1] o.a.c.c.C.[Tomcat].[localhost].[/]       : Initializing Spring DispatcherServlet 'dispatcherServlet'
2021-10-01 16:56:26.379  INFO 40259 --- [http-nio-8080-exec-1] o.s.web.servlet.DispatcherServlet        : Initializing Servlet 'dispatcherServlet'
2021-10-01 16:56:26.380  INFO 40259 --- [http-nio-8080-exec-1] o.s.web.servlet.DispatcherServlet        : Completed initialization in 1 ms
2021-10-01 16:56:50.904  INFO 40459 --- [restartedMain] c.h.hellodemo.HelloDemoApplication       : Starting HelloDemoApplication using Java 17 on odin-Lenovo-Legion-R7000P2020H with PID 40459 (/home/odin/Git_repos/Dian_blog_backend/helloDemo/target/classes started by odin in /home/odin/Git_repos/Dian_blog_backend/helloDemo)
2021-10-01 16:56:50.906  INFO 40459 --- [restartedMain] c.h.hellodemo.HelloDemoApplication       : No active profile set, falling back to default profiles: default
2021-10-01 16:56:50.937  INFO 40459 --- [restartedMain] .e.DevToolsPropertyDefaultsPostProcessor : Devtools property defaults active! Set 'spring.devtools.add-properties' to 'false' to disable
2021-10-01 16:56:50.937  INFO 40459 --- [restartedMain] .e.DevToolsPropertyDefaultsPostProcessor : For additional web related logging consider setting the 'logging.level.web' property to 'DEBUG'
2021-10-01 16:56:51.504  INFO 40459 --- [restartedMain] o.s.b.w.embedded.tomcat.TomcatWebServer  : Tomcat initialized with port(s): 8080 (http)
2021-10-01 16:56:51.510  INFO 40459 --- [restartedMain] o.apache.catalina.core.StandardService   : Starting service [Tomcat]
2021-10-01 16:56:51.511  INFO 40459 --- [restartedMain] org.apache.catalina.core.StandardEngine  : Starting Servlet engine: [Apache Tomcat/9.0.53]
2021-10-01 16:56:51.540  INFO 40459 --- [restartedMain] o.a.c.c.C.[Tomcat].[localhost].[/]       : Initializing Spring embedded WebApplicationContext
2021-10-01 16:56:51.541  INFO 40459 --- [restartedMain] w.s.c.ServletWebServerApplicationContext : Root WebApplicationContext: initialization completed in 602 ms
2021-10-01 16:56:51.769  INFO 40459 --- [restartedMain] o.s.b.d.a.OptionalLiveReloadServer       : LiveReload server is running on port 35729
2021-10-01 16:56:51.789  INFO 40459 --- [restartedMain] o.s.b.w.embedded.tomcat.TomcatWebServer  : Tomcat started on port(s): 8080 (http) with context path ''
2021-10-01 16:56:51.798  INFO 40459 --- [restartedMain] c.h.hellodemo.HelloDemoApplication       : Started HelloDemoApplication in 1.205 seconds (JVM running for 1.631)
2021-10-01 16:56:58.347  INFO 40459 --- [http-nio-8080-exec-1] o.a.c.c.C.[Tomcat].[localhost].[/]       : Initializing Spring DispatcherServlet 'dispatcherServlet'
2021-10-01 16:56:58.348  INFO 40459 --- [http-nio-8080-exec-1] o.s.web.servlet.DispatcherServlet        : Initializing Servlet 'dispatcherServlet'
2021-10-01 16:56:58.349  INFO 40459 --- [http-nio-8080-exec-1] o.s.web.servlet.DispatcherServlet        : Completed initialization in 1 ms
2021-10-01 16:57:21.026  INFO 40639 --- [restartedMain] c.h.hellodemo.HelloDemoApplication       : Starting HelloDemoApplication using Java 17 on odin-Lenovo-Legion-R7000P2020H with PID 40639 (/home/odin/Git_repos/Dian_blog_backend/helloDemo/target/classes started by odin in /home/odin/Git_repos/Dian_blog_backend/helloDemo)
2021-10-01 16:57:21.028  INFO 40639 --- [restartedMain] c.h.hellodemo.HelloDemoApplication       : No active profile set, falling back to default profiles: default
2021-10-01 16:57:21.066  INFO 40639 --- [restartedMain] .e.DevToolsPropertyDefaultsPostProcessor : Devtools property defaults active! Set 'spring.devtools.add-properties' to 'false' to disable
2021-10-01 16:57:21.066  INFO 40639 --- [restartedMain] .e.DevToolsPropertyDefaultsPostProcessor : For additional web related logging consider setting the 'logging.level.web' property to 'DEBUG'
2021-10-01 16:57:21.635  INFO 40639 --- [restartedMain] o.s.b.w.embedded.tomcat.TomcatWebServer  : Tomcat initialized with port(s): 8080 (http)
2021-10-01 16:57:21.642  INFO 40639 --- [restartedMain] o.apache.catalina.core.StandardService   : Starting service [Tomcat]
2021-10-01 16:57:21.642  INFO 40639 --- [restartedMain] org.apache.catalina.core.StandardEngine  : Starting Servlet engine: [Apache Tomcat/9.0.53]
2021-10-01 16:57:21.672  INFO 40639 --- [restartedMain] o.a.c.c.C.[Tomcat].[localhost].[/]       : Initializing Spring embedded WebApplicationContext
2021-10-01 16:57:21.672  INFO 40639 --- [restartedMain] w.s.c.ServletWebServerApplicationContext : Root WebApplicationContext: initialization completed in 606 ms
2021-10-01 16:57:21.889  INFO 40639 --- [restartedMain] o.s.b.d.a.OptionalLiveReloadServer       : LiveReload server is running on port 35729
2021-10-01 16:57:21.907  INFO 40639 --- [restartedMain] o.s.b.w.embedded.tomcat.TomcatWebServer  : Tomcat started on port(s): 8080 (http) with context path ''
2021-10-01 16:57:21.917  INFO 40639 --- [restartedMain] c.h.hellodemo.HelloDemoApplication       : Started HelloDemoApplication in 1.184 seconds (JVM running for 1.622)
2021-10-01 16:57:25.176  INFO 40639 --- [http-nio-8080-exec-1] o.a.c.c.C.[Tomcat].[localhost].[/]       : Initializing Spring DispatcherServlet 'dispatcherServlet'
2021-10-01 16:57:25.176  INFO 40639 --- [http-nio-8080-exec-1] o.s.web.servlet.DispatcherServlet        : Initializing Servlet 'dispatcherServlet'
2021-10-01 16:57:25.177  INFO 40639 --- [http-nio-8080-exec-1] o.s.web.servlet.DispatcherServlet        : Completed initialization in 1 ms
2021-10-01 17:03:45.035  INFO 41244 --- [restartedMain] c.h.hellodemo.HelloDemoApplication       : Starting HelloDemoApplication using Java 17 on odin-Lenovo-Legion-R7000P2020H with PID 41244 (/home/odin/Git_repos/Dian_blog_backend/helloDemo/target/classes started by odin in /home/odin/Git_repos/Dian_blog_backend/helloDemo)
2021-10-01 17:03:45.037  INFO 41244 --- [restartedMain] c.h.hellodemo.HelloDemoApplication       : No active profile set, falling back to default profiles: default
2021-10-01 17:03:45.069  INFO 41244 --- [restartedMain] .e.DevToolsPropertyDefaultsPostProcessor : Devtools property defaults active! Set 'spring.devtools.add-properties' to 'false' to disable
2021-10-01 17:03:45.070  INFO 41244 --- [restartedMain] .e.DevToolsPropertyDefaultsPostProcessor : For additional web related logging consider setting the 'logging.level.web' property to 'DEBUG'
2021-10-01 17:03:45.659  INFO 41244 --- [restartedMain] o.s.b.w.embedded.tomcat.TomcatWebServer  : Tomcat initialized with port(s): 8080 (http)
2021-10-01 17:03:45.665  INFO 41244 --- [restartedMain] o.apache.catalina.core.StandardService   : Starting service [Tomcat]
2021-10-01 17:03:45.666  INFO 41244 --- [restartedMain] org.apache.catalina.core.StandardEngine  : Starting Servlet engine: [Apache Tomcat/9.0.53]
2021-10-01 17:03:45.694  INFO 41244 --- [restartedMain] o.a.c.c.C.[Tomcat].[localhost].[/]       : Initializing Spring embedded WebApplicationContext
2021-10-01 17:03:45.694  INFO 41244 --- [restartedMain] w.s.c.ServletWebServerApplicationContext : Root WebApplicationContext: initialization completed in 624 ms
2021-10-01 17:03:45.899  INFO 41244 --- [restartedMain] o.s.b.d.a.OptionalLiveReloadServer       : LiveReload server is running on port 35729
2021-10-01 17:03:45.924  INFO 41244 --- [restartedMain] o.s.b.w.embedded.tomcat.TomcatWebServer  : Tomcat started on port(s): 8080 (http) with context path ''
2021-10-01 17:03:45.933  INFO 41244 --- [restartedMain] c.h.hellodemo.HelloDemoApplication       : Started HelloDemoApplication in 1.188 seconds (JVM running for 1.606)
2021-10-01 17:03:54.640  INFO 41244 --- [http-nio-8080-exec-1] o.a.c.c.C.[Tomcat].[localhost].[/]       : Initializing Spring DispatcherServlet 'dispatcherServlet'
2021-10-01 17:03:54.641  INFO 41244 --- [http-nio-8080-exec-1] o.s.web.servlet.DispatcherServlet        : Initializing Servlet 'dispatcherServlet'
2021-10-01 17:03:54.642  INFO 41244 --- [http-nio-8080-exec-1] o.s.web.servlet.DispatcherServlet        : Completed initialization in 1 ms
2021-10-01 17:04:46.316  INFO 41563 --- [restartedMain] c.h.hellodemo.HelloDemoApplication       : Starting HelloDemoApplication using Java 17 on odin-Lenovo-Legion-R7000P2020H with PID 41563 (/home/odin/Git_repos/Dian_blog_backend/helloDemo/target/classes started by odin in /home/odin/Git_repos/Dian_blog_backend/helloDemo)
2021-10-01 17:04:46.318  INFO 41563 --- [restartedMain] c.h.hellodemo.HelloDemoApplication       : No active profile set, falling back to default profiles: default
2021-10-01 17:04:46.352  INFO 41563 --- [restartedMain] .e.DevToolsPropertyDefaultsPostProcessor : Devtools property defaults active! Set 'spring.devtools.add-properties' to 'false' to disable
2021-10-01 17:04:46.352  INFO 41563 --- [restartedMain] .e.DevToolsPropertyDefaultsPostProcessor : For additional web related logging consider setting the 'logging.level.web' property to 'DEBUG'
2021-10-01 17:04:46.935  INFO 41563 --- [restartedMain] o.s.b.w.embedded.tomcat.TomcatWebServer  : Tomcat initialized with port(s): 8080 (http)
2021-10-01 17:04:46.941  INFO 41563 --- [restartedMain] o.apache.catalina.core.StandardService   : Starting service [Tomcat]
2021-10-01 17:04:46.941  INFO 41563 --- [restartedMain] org.apache.catalina.core.StandardEngine  : Starting Servlet engine: [Apache Tomcat/9.0.53]
2021-10-01 17:04:46.971  INFO 41563 --- [restartedMain] o.a.c.c.C.[Tomcat].[localhost].[/]       : Initializing Spring embedded WebApplicationContext
2021-10-01 17:04:46.971  INFO 41563 --- [restartedMain] w.s.c.ServletWebServerApplicationContext : Root WebApplicationContext: initialization completed in 619 ms
2021-10-01 17:04:47.199  INFO 41563 --- [restartedMain] o.s.b.d.a.OptionalLiveReloadServer       : LiveReload server is running on port 35729
2021-10-01 17:04:47.220  INFO 41563 --- [restartedMain] o.s.b.w.embedded.tomcat.TomcatWebServer  : Tomcat started on port(s): 8080 (http) with context path ''
2021-10-01 17:04:47.229  INFO 41563 --- [restartedMain] c.h.hellodemo.HelloDemoApplication       : Started HelloDemoApplication in 1.22 seconds (JVM running for 1.655)
2021-10-01 17:04:51.290  INFO 41563 --- [http-nio-8080-exec-1] o.a.c.c.C.[Tomcat].[localhost].[/]       : Initializing Spring DispatcherServlet 'dispatcherServlet'
2021-10-01 17:04:51.291  INFO 41563 --- [http-nio-8080-exec-1] o.s.web.servlet.DispatcherServlet        : Initializing Servlet 'dispatcherServlet'
2021-10-01 17:04:51.292  INFO 41563 --- [http-nio-8080-exec-1] o.s.web.servlet.DispatcherServlet        : Completed initialization in 1 ms
2021-10-01 17:11:09.957  INFO 42266 --- [restartedMain] c.h.hellodemo.HelloDemoApplication       : Starting HelloDemoApplication using Java 17 on odin-Lenovo-Legion-R7000P2020H with PID 42266 (/home/odin/Git_repos/Dian_blog_backend/helloDemo/target/classes started by odin in /home/odin/Git_repos/Dian_blog_backend/helloDemo)
2021-10-01 17:11:09.959  INFO 42266 --- [restartedMain] c.h.hellodemo.HelloDemoApplication       : No active profile set, falling back to default profiles: default
2021-10-01 17:11:09.996  INFO 42266 --- [restartedMain] .e.DevToolsPropertyDefaultsPostProcessor : Devtools property defaults active! Set 'spring.devtools.add-properties' to 'false' to disable
2021-10-01 17:11:09.996  INFO 42266 --- [restartedMain] .e.DevToolsPropertyDefaultsPostProcessor : For additional web related logging consider setting the 'logging.level.web' property to 'DEBUG'
2021-10-01 17:11:10.537  INFO 42266 --- [restartedMain] o.s.b.w.embedded.tomcat.TomcatWebServer  : Tomcat initialized with port(s): 8080 (http)
2021-10-01 17:11:10.543  INFO 42266 --- [restartedMain] o.apache.catalina.core.StandardService   : Starting service [Tomcat]
2021-10-01 17:11:10.543  INFO 42266 --- [restartedMain] org.apache.catalina.core.StandardEngine  : Starting Servlet engine: [Apache Tomcat/9.0.53]
2021-10-01 17:11:10.574  INFO 42266 --- [restartedMain] o.a.c.c.C.[Tomcat].[localhost].[/]       : Initializing Spring embedded WebApplicationContext
2021-10-01 17:11:10.574  INFO 42266 --- [restartedMain] w.s.c.ServletWebServerApplicationContext : Root WebApplicationContext: initialization completed in 577 ms
2021-10-01 17:11:10.796  INFO 42266 --- [restartedMain] o.s.b.d.a.OptionalLiveReloadServer       : LiveReload server is running on port 35729
2021-10-01 17:11:10.814  INFO 42266 --- [restartedMain] o.s.b.w.embedded.tomcat.TomcatWebServer  : Tomcat started on port(s): 8080 (http) with context path ''
2021-10-01 17:11:10.823  INFO 42266 --- [restartedMain] c.h.hellodemo.HelloDemoApplication       : Started HelloDemoApplication in 1.18 seconds (JVM running for 1.615)
2021-10-01 17:11:18.484  INFO 42266 --- [http-nio-8080-exec-1] o.a.c.c.C.[Tomcat].[localhost].[/]       : Initializing Spring DispatcherServlet 'dispatcherServlet'
2021-10-01 17:11:18.484  INFO 42266 --- [http-nio-8080-exec-1] o.s.web.servlet.DispatcherServlet        : Initializing Servlet 'dispatcherServlet'
2021-10-01 17:11:18.486  INFO 42266 --- [http-nio-8080-exec-1] o.s.web.servlet.DispatcherServlet        : Completed initialization in 1 ms
2021-10-01 17:12:59.972  INFO 42589 --- [restartedMain] c.h.hellodemo.HelloDemoApplication       : Starting HelloDemoApplication using Java 17 on odin-Lenovo-Legion-R7000P2020H with PID 42589 (/home/odin/Git_repos/Dian_blog_backend/helloDemo/target/classes started by odin in /home/odin/Git_repos/Dian_blog_backend/helloDemo)
2021-10-01 17:12:59.974  INFO 42589 --- [restartedMain] c.h.hellodemo.HelloDemoApplication       : No active profile set, falling back to default profiles: default
2021-10-01 17:13:00.009  INFO 42589 --- [restartedMain] .e.DevToolsPropertyDefaultsPostProcessor : Devtools property defaults active! Set 'spring.devtools.add-properties' to 'false' to disable
2021-10-01 17:13:00.009  INFO 42589 --- [restartedMain] .e.DevToolsPropertyDefaultsPostProcessor : For additional web related logging consider setting the 'logging.level.web' property to 'DEBUG'
2021-10-01 17:13:00.595  INFO 42589 --- [restartedMain] o.s.b.w.embedded.tomcat.TomcatWebServer  : Tomcat initialized with port(s): 8080 (http)
2021-10-01 17:13:00.602  INFO 42589 --- [restartedMain] o.apache.catalina.core.StandardService   : Starting service [Tomcat]
2021-10-01 17:13:00.602  INFO 42589 --- [restartedMain] org.apache.catalina.core.StandardEngine  : Starting Servlet engine: [Apache Tomcat/9.0.53]
2021-10-01 17:13:00.633  INFO 42589 --- [restartedMain] o.a.c.c.C.[Tomcat].[localhost].[/]       : Initializing Spring embedded WebApplicationContext
2021-10-01 17:13:00.633  INFO 42589 --- [restartedMain] w.s.c.ServletWebServerApplicationContext : Root WebApplicationContext: initialization completed in 623 ms
2021-10-01 17:13:00.894  INFO 42589 --- [restartedMain] o.s.b.d.a.OptionalLiveReloadServer       : LiveReload server is running on port 35729
2021-10-01 17:13:00.913  INFO 42589 --- [restartedMain] o.s.b.w.embedded.tomcat.TomcatWebServer  : Tomcat started on port(s): 8080 (http) with context path ''
2021-10-01 17:13:00.922  INFO 42589 --- [restartedMain] c.h.hellodemo.HelloDemoApplication       : Started HelloDemoApplication in 1.277 seconds (JVM running for 1.712)
2021-10-01 17:13:23.797  INFO 42589 --- [http-nio-8080-exec-1] o.a.c.c.C.[Tomcat].[localhost].[/]       : Initializing Spring DispatcherServlet 'dispatcherServlet'
2021-10-01 17:13:23.798  INFO 42589 --- [http-nio-8080-exec-1] o.s.web.servlet.DispatcherServlet        : Initializing Servlet 'dispatcherServlet'
2021-10-01 17:13:23.798  INFO 42589 --- [http-nio-8080-exec-1] o.s.web.servlet.DispatcherServlet        : Completed initialization in 0 ms
2021-10-01 17:57:37.789  INFO 46588 --- [restartedMain] c.h.hellodemo.HelloDemoApplication       : Starting HelloDemoApplication using Java 17 on odin-Lenovo-Legion-R7000P2020H with PID 46588 (/home/odin/Git_repos/Dian_blog_backend/helloDemo/target/classes started by odin in /home/odin/Git_repos/Dian_blog_backend/helloDemo)
2021-10-01 17:57:37.791  INFO 46588 --- [restartedMain] c.h.hellodemo.HelloDemoApplication       : No active profile set, falling back to default profiles: default
2021-10-01 17:57:37.833  INFO 46588 --- [restartedMain] .e.DevToolsPropertyDefaultsPostProcessor : Devtools property defaults active! Set 'spring.devtools.add-properties' to 'false' to disable
2021-10-01 17:57:37.833  INFO 46588 --- [restartedMain] .e.DevToolsPropertyDefaultsPostProcessor : For additional web related logging consider setting the 'logging.level.web' property to 'DEBUG'
2021-10-01 17:57:38.440  INFO 46588 --- [restartedMain] o.s.b.w.embedded.tomcat.TomcatWebServer  : Tomcat initialized with port(s): 8080 (http)
2021-10-01 17:57:38.446  INFO 46588 --- [restartedMain] o.apache.catalina.core.StandardService   : Starting service [Tomcat]
2021-10-01 17:57:38.447  INFO 46588 --- [restartedMain] org.apache.catalina.core.StandardEngine  : Starting Servlet engine: [Apache Tomcat/9.0.53]
2021-10-01 17:57:38.477  INFO 46588 --- [restartedMain] o.a.c.c.C.[Tomcat].[localhost].[/]       : Initializing Spring embedded WebApplicationContext
2021-10-01 17:57:38.477  INFO 46588 --- [restartedMain] w.s.c.ServletWebServerApplicationContext : Root WebApplicationContext: initialization completed in 643 ms
2021-10-01 17:57:38.716  INFO 46588 --- [restartedMain] o.s.b.d.a.OptionalLiveReloadServer       : LiveReload server is running on port 35729
2021-10-01 17:57:38.735  INFO 46588 --- [restartedMain] o.s.b.w.embedded.tomcat.TomcatWebServer  : Tomcat started on port(s): 8080 (http) with context path ''
2021-10-01 17:57:38.743  INFO 46588 --- [restartedMain] c.h.hellodemo.HelloDemoApplication       : Started HelloDemoApplication in 1.276 seconds (JVM running for 1.732)
2021-10-01 17:57:59.473  INFO 46588 --- [http-nio-8080-exec-1] o.a.c.c.C.[Tomcat].[localhost].[/]       : Initializing Spring DispatcherServlet 'dispatcherServlet'
2021-10-01 17:57:59.473  INFO 46588 --- [http-nio-8080-exec-1] o.s.web.servlet.DispatcherServlet        : Initializing Servlet 'dispatcherServlet'
2021-10-01 17:57:59.474  INFO 46588 --- [http-nio-8080-exec-1] o.s.web.servlet.DispatcherServlet        : Completed initialization in 1 ms
2021-10-01 17:57:59.483  WARN 46588 --- [http-nio-8080-exec-1] .w.s.m.s.DefaultHandlerExceptionResolver : Resolved [org.springframework.web.HttpRequestMethodNotSupportedException: Request method 'GET' not supported]
2021-10-01 19:17:57.804  INFO 50448 --- [restartedMain] c.h.hellodemo.HelloDemoApplication       : Starting HelloDemoApplication using Java 17 on odin-Lenovo-Legion-R7000P2020H with PID 50448 (/home/odin/Git_repos/Dian_blog_backend/helloDemo/target/classes started by odin in /home/odin/Git_repos/Dian_blog_backend/helloDemo)
2021-10-01 19:17:57.806  INFO 50448 --- [restartedMain] c.h.hellodemo.HelloDemoApplication       : No active profile set, falling back to default profiles: default
2021-10-01 19:17:57.852  INFO 50448 --- [restartedMain] .e.DevToolsPropertyDefaultsPostProcessor : Devtools property defaults active! Set 'spring.devtools.add-properties' to 'false' to disable
2021-10-01 19:17:57.853  INFO 50448 --- [restartedMain] .e.DevToolsPropertyDefaultsPostProcessor : For additional web related logging consider setting the 'logging.level.web' property to 'DEBUG'
2021-10-01 19:17:58.564  INFO 50448 --- [restartedMain] o.s.b.w.embedded.tomcat.TomcatWebServer  : Tomcat initialized with port(s): 8080 (http)
2021-10-01 19:17:58.572  INFO 50448 --- [restartedMain] o.apache.catalina.core.StandardService   : Starting service [Tomcat]
2021-10-01 19:17:58.572  INFO 50448 --- [restartedMain] org.apache.catalina.core.StandardEngine  : Starting Servlet engine: [Apache Tomcat/9.0.53]
2021-10-01 19:17:58.608  INFO 50448 --- [restartedMain] o.a.c.c.C.[Tomcat].[localhost].[/]       : Initializing Spring embedded WebApplicationContext
2021-10-01 19:17:58.608  INFO 50448 --- [restartedMain] w.s.c.ServletWebServerApplicationContext : Root WebApplicationContext: initialization completed in 755 ms
2021-10-01 19:17:58.906  INFO 50448 --- [restartedMain] o.s.b.d.a.OptionalLiveReloadServer       : LiveReload server is running on port 35729
2021-10-01 19:17:58.937  INFO 50448 --- [restartedMain] o.s.b.w.embedded.tomcat.TomcatWebServer  : Tomcat started on port(s): 8080 (http) with context path ''
2021-10-01 19:17:58.950  INFO 50448 --- [restartedMain] c.h.hellodemo.HelloDemoApplication       : Started HelloDemoApplication in 1.565 seconds (JVM running for 2.776)
2021-10-01 19:18:54.258  INFO 50448 --- [http-nio-8080-exec-2] o.a.c.c.C.[Tomcat].[localhost].[/]       : Initializing Spring DispatcherServlet 'dispatcherServlet'
2021-10-01 19:18:54.258  INFO 50448 --- [http-nio-8080-exec-2] o.s.web.servlet.DispatcherServlet        : Initializing Servlet 'dispatcherServlet'
2021-10-01 19:18:54.259  INFO 50448 --- [http-nio-8080-exec-2] o.s.web.servlet.DispatcherServlet        : Completed initialization in 1 ms
2021-10-01 19:22:22.985  INFO 50767 --- [restartedMain] c.h.hellodemo.HelloDemoApplication       : Starting HelloDemoApplication using Java 17 on odin-Lenovo-Legion-R7000P2020H with PID 50767 (/home/odin/Git_repos/Dian_blog_backend/helloDemo/target/classes started by odin in /home/odin/Git_repos/Dian_blog_backend/helloDemo)
2021-10-01 19:22:22.987  INFO 50767 --- [restartedMain] c.h.hellodemo.HelloDemoApplication       : No active profile set, falling back to default profiles: default
2021-10-01 19:22:23.035  INFO 50767 --- [restartedMain] .e.DevToolsPropertyDefaultsPostProcessor : Devtools property defaults active! Set 'spring.devtools.add-properties' to 'false' to disable
2021-10-01 19:22:23.035  INFO 50767 --- [restartedMain] .e.DevToolsPropertyDefaultsPostProcessor : For additional web related logging consider setting the 'logging.level.web' property to 'DEBUG'
2021-10-01 19:22:23.733  INFO 50767 --- [restartedMain] o.s.b.w.embedded.tomcat.TomcatWebServer  : Tomcat initialized with port(s): 8080 (http)
2021-10-01 19:22:23.740  INFO 50767 --- [restartedMain] o.apache.catalina.core.StandardService   : Starting service [Tomcat]
2021-10-01 19:22:23.741  INFO 50767 --- [restartedMain] org.apache.catalina.core.StandardEngine  : Starting Servlet engine: [Apache Tomcat/9.0.53]
2021-10-01 19:22:23.778  INFO 50767 --- [restartedMain] o.a.c.c.C.[Tomcat].[localhost].[/]       : Initializing Spring embedded WebApplicationContext
2021-10-01 19:22:23.779  INFO 50767 --- [restartedMain] w.s.c.ServletWebServerApplicationContext : Root WebApplicationContext: initialization completed in 744 ms
2021-10-01 19:22:24.026  INFO 50767 --- [restartedMain] o.s.b.d.a.OptionalLiveReloadServer       : LiveReload server is running on port 35729
2021-10-01 19:22:24.047  INFO 50767 --- [restartedMain] o.s.b.w.embedded.tomcat.TomcatWebServer  : Tomcat started on port(s): 8080 (http) with context path ''
2021-10-01 19:22:24.058  INFO 50767 --- [restartedMain] c.h.hellodemo.HelloDemoApplication       : Started HelloDemoApplication in 1.461 seconds (JVM running for 2.135)
2021-10-01 19:23:03.215  INFO 50894 --- [restartedMain] c.h.hellodemo.HelloDemoApplication       : Starting HelloDemoApplication using Java 17 on odin-Lenovo-Legion-R7000P2020H with PID 50894 (/home/odin/Git_repos/Dian_blog_backend/helloDemo/target/classes started by odin in /home/odin/Git_repos/Dian_blog_backend/helloDemo)
2021-10-01 19:23:03.217  INFO 50894 --- [restartedMain] c.h.hellodemo.HelloDemoApplication       : No active profile set, falling back to default profiles: default
2021-10-01 19:23:03.261  INFO 50894 --- [restartedMain] .e.DevToolsPropertyDefaultsPostProcessor : Devtools property defaults active! Set 'spring.devtools.add-properties' to 'false' to disable
2021-10-01 19:23:03.261  INFO 50894 --- [restartedMain] .e.DevToolsPropertyDefaultsPostProcessor : For additional web related logging consider setting the 'logging.level.web' property to 'DEBUG'
2021-10-01 19:23:03.961  INFO 50894 --- [restartedMain] o.s.b.w.embedded.tomcat.TomcatWebServer  : Tomcat initialized with port(s): 8080 (http)
2021-10-01 19:23:03.969  INFO 50894 --- [restartedMain] o.apache.catalina.core.StandardService   : Starting service [Tomcat]
2021-10-01 19:23:03.969  INFO 50894 --- [restartedMain] org.apache.catalina.core.StandardEngine  : Starting Servlet engine: [Apache Tomcat/9.0.53]
2021-10-01 19:23:04.007  INFO 50894 --- [restartedMain] o.a.c.c.C.[Tomcat].[localhost].[/]       : Initializing Spring embedded WebApplicationContext
2021-10-01 19:23:04.007  INFO 50894 --- [restartedMain] w.s.c.ServletWebServerApplicationContext : Root WebApplicationContext: initialization completed in 745 ms
2021-10-01 19:23:04.292  INFO 50894 --- [restartedMain] o.s.b.d.a.OptionalLiveReloadServer       : LiveReload server is running on port 35729
2021-10-01 19:23:04.316  INFO 50894 --- [restartedMain] o.s.b.w.embedded.tomcat.TomcatWebServer  : Tomcat started on port(s): 8080 (http) with context path ''
2021-10-01 19:23:04.327  INFO 50894 --- [restartedMain] c.h.hellodemo.HelloDemoApplication       : Started HelloDemoApplication in 1.483 seconds (JVM running for 2.037)
2021-10-01 19:24:04.616  INFO 51076 --- [restartedMain] c.h.hellodemo.HelloDemoApplication       : Starting HelloDemoApplication using Java 17 on odin-Lenovo-Legion-R7000P2020H with PID 51076 (/home/odin/Git_repos/Dian_blog_backend/helloDemo/target/classes started by odin in /home/odin/Git_repos/Dian_blog_backend/helloDemo)
2021-10-01 19:24:04.618  INFO 51076 --- [restartedMain] c.h.hellodemo.HelloDemoApplication       : No active profile set, falling back to default profiles: default
2021-10-01 19:24:04.660  INFO 51076 --- [restartedMain] .e.DevToolsPropertyDefaultsPostProcessor : Devtools property defaults active! Set 'spring.devtools.add-properties' to 'false' to disable
2021-10-01 19:24:04.660  INFO 51076 --- [restartedMain] .e.DevToolsPropertyDefaultsPostProcessor : For additional web related logging consider setting the 'logging.level.web' property to 'DEBUG'
2021-10-01 19:24:05.349  INFO 51076 --- [restartedMain] o.s.b.w.embedded.tomcat.TomcatWebServer  : Tomcat initialized with port(s): 8080 (http)
2021-10-01 19:24:05.358  INFO 51076 --- [restartedMain] o.apache.catalina.core.StandardService   : Starting service [Tomcat]
2021-10-01 19:24:05.359  INFO 51076 --- [restartedMain] org.apache.catalina.core.StandardEngine  : Starting Servlet engine: [Apache Tomcat/9.0.53]
2021-10-01 19:24:05.393  INFO 51076 --- [restartedMain] o.a.c.c.C.[Tomcat].[localhost].[/]       : Initializing Spring embedded WebApplicationContext
2021-10-01 19:24:05.393  INFO 51076 --- [restartedMain] w.s.c.ServletWebServerApplicationContext : Root WebApplicationContext: initialization completed in 731 ms
2021-10-01 19:24:05.674  INFO 51076 --- [restartedMain] o.s.b.d.a.OptionalLiveReloadServer       : LiveReload server is running on port 35729
2021-10-01 19:24:05.695  INFO 51076 --- [restartedMain] o.s.b.w.embedded.tomcat.TomcatWebServer  : Tomcat started on port(s): 8080 (http) with context path ''
2021-10-01 19:24:05.705  INFO 51076 --- [restartedMain] c.h.hellodemo.HelloDemoApplication       : Started HelloDemoApplication in 1.449 seconds (JVM running for 2.014)
2021-10-01 19:24:11.803  INFO 51076 --- [http-nio-8080-exec-1] o.a.c.c.C.[Tomcat].[localhost].[/]       : Initializing Spring DispatcherServlet 'dispatcherServlet'
2021-10-01 19:24:11.804  INFO 51076 --- [http-nio-8080-exec-1] o.s.web.servlet.DispatcherServlet        : Initializing Servlet 'dispatcherServlet'
2021-10-01 19:24:11.804  INFO 51076 --- [http-nio-8080-exec-1] o.s.web.servlet.DispatcherServlet        : Completed initialization in 0 ms
2021-10-01 19:32:20.777  INFO 52768 --- [restartedMain] c.h.hellodemo.HelloDemoApplication       : Starting HelloDemoApplication using Java 17 on odin-Lenovo-Legion-R7000P2020H with PID 52768 (/home/odin/Git_repos/Dian_blog_backend/helloDemo/target/classes started by odin in /home/odin/Git_repos/Dian_blog_backend/helloDemo)
2021-10-01 19:32:20.780  INFO 52768 --- [restartedMain] c.h.hellodemo.HelloDemoApplication       : No active profile set, falling back to default profiles: default
2021-10-01 19:32:20.827  INFO 52768 --- [restartedMain] .e.DevToolsPropertyDefaultsPostProcessor : Devtools property defaults active! Set 'spring.devtools.add-properties' to 'false' to disable
2021-10-01 19:32:20.827  INFO 52768 --- [restartedMain] .e.DevToolsPropertyDefaultsPostProcessor : For additional web related logging consider setting the 'logging.level.web' property to 'DEBUG'
2021-10-01 19:32:21.503  INFO 52768 --- [restartedMain] o.s.b.w.embedded.tomcat.TomcatWebServer  : Tomcat initialized with port(s): 8080 (http)
2021-10-01 19:32:21.510  INFO 52768 --- [restartedMain] o.apache.catalina.core.StandardService   : Starting service [Tomcat]
2021-10-01 19:32:21.510  INFO 52768 --- [restartedMain] org.apache.catalina.core.StandardEngine  : Starting Servlet engine: [Apache Tomcat/9.0.53]
2021-10-01 19:32:21.557  INFO 52768 --- [restartedMain] o.a.c.c.C.[Tomcat].[localhost].[/]       : Initializing Spring embedded WebApplicationContext
2021-10-01 19:32:21.557  INFO 52768 --- [restartedMain] w.s.c.ServletWebServerApplicationContext : Root WebApplicationContext: initialization completed in 729 ms
2021-10-01 19:32:21.824  INFO 52768 --- [restartedMain] o.s.b.d.a.OptionalLiveReloadServer       : LiveReload server is running on port 35729
2021-10-01 19:32:21.845  INFO 52768 --- [restartedMain] o.s.b.w.embedded.tomcat.TomcatWebServer  : Tomcat started on port(s): 8080 (http) with context path ''
2021-10-01 19:32:21.854  INFO 52768 --- [restartedMain] c.h.hellodemo.HelloDemoApplication       : Started HelloDemoApplication in 1.46 seconds (JVM running for 2.071)
2021-10-01 19:32:51.006  INFO 52768 --- [http-nio-8080-exec-2] o.a.c.c.C.[Tomcat].[localhost].[/]       : Initializing Spring DispatcherServlet 'dispatcherServlet'
2021-10-01 19:32:51.006  INFO 52768 --- [http-nio-8080-exec-2] o.s.web.servlet.DispatcherServlet        : Initializing Servlet 'dispatcherServlet'
2021-10-01 19:32:51.007  INFO 52768 --- [http-nio-8080-exec-2] o.s.web.servlet.DispatcherServlet        : Completed initialization in 1 ms
2021-10-01 19:36:32.770  INFO 53294 --- [restartedMain] c.h.hellodemo.HelloDemoApplication       : Starting HelloDemoApplication using Java 17 on odin-Lenovo-Legion-R7000P2020H with PID 53294 (/home/odin/Git_repos/Dian_blog_backend/helloDemo/target/classes started by odin in /home/odin/Git_repos/Dian_blog_backend/helloDemo)
2021-10-01 19:36:32.772  INFO 53294 --- [restartedMain] c.h.hellodemo.HelloDemoApplication       : No active profile set, falling back to default profiles: default
2021-10-01 19:36:32.816  INFO 53294 --- [restartedMain] .e.DevToolsPropertyDefaultsPostProcessor : Devtools property defaults active! Set 'spring.devtools.add-properties' to 'false' to disable
2021-10-01 19:36:32.816  INFO 53294 --- [restartedMain] .e.DevToolsPropertyDefaultsPostProcessor : For additional web related logging consider setting the 'logging.level.web' property to 'DEBUG'
2021-10-01 19:36:33.501  INFO 53294 --- [restartedMain] o.s.b.w.embedded.tomcat.TomcatWebServer  : Tomcat initialized with port(s): 8080 (http)
2021-10-01 19:36:33.507  INFO 53294 --- [restartedMain] o.apache.catalina.core.StandardService   : Starting service [Tomcat]
2021-10-01 19:36:33.508  INFO 53294 --- [restartedMain] org.apache.catalina.core.StandardEngine  : Starting Servlet engine: [Apache Tomcat/9.0.53]
2021-10-01 19:36:33.542  INFO 53294 --- [restartedMain] o.a.c.c.C.[Tomcat].[localhost].[/]       : Initializing Spring embedded WebApplicationContext
2021-10-01 19:36:33.543  INFO 53294 --- [restartedMain] w.s.c.ServletWebServerApplicationContext : Root WebApplicationContext: initialization completed in 726 ms
2021-10-01 19:36:33.798  INFO 53294 --- [restartedMain] o.s.b.d.a.OptionalLiveReloadServer       : LiveReload server is running on port 35729
2021-10-01 19:36:33.819  INFO 53294 --- [restartedMain] o.s.b.w.embedded.tomcat.TomcatWebServer  : Tomcat started on port(s): 8080 (http) with context path ''
2021-10-01 19:36:33.829  INFO 53294 --- [restartedMain] c.h.hellodemo.HelloDemoApplication       : Started HelloDemoApplication in 1.471 seconds (JVM running for 2.06)
2021-10-01 19:36:49.021  INFO 53294 --- [http-nio-8080-exec-2] o.a.c.c.C.[Tomcat].[localhost].[/]       : Initializing Spring DispatcherServlet 'dispatcherServlet'
2021-10-01 19:36:49.021  INFO 53294 --- [http-nio-8080-exec-2] o.s.web.servlet.DispatcherServlet        : Initializing Servlet 'dispatcherServlet'
2021-10-01 19:36:49.022  INFO 53294 --- [http-nio-8080-exec-2] o.s.web.servlet.DispatcherServlet        : Completed initialization in 1 ms
2021-10-01 19:36:49.036  WARN 53294 --- [http-nio-8080-exec-2] .w.s.m.s.DefaultHandlerExceptionResolver : Resolved [org.springframework.web.HttpRequestMethodNotSupportedException: Request method 'GET' not supported]
2021-10-01 19:37:31.737  WARN 53294 --- [http-nio-8080-exec-3] .w.s.m.s.DefaultHandlerExceptionResolver : Resolved [org.springframework.web.HttpRequestMethodNotSupportedException: Request method 'GET' not supported]
2021-10-01 19:37:38.701  WARN 53294 --- [http-nio-8080-exec-4] .w.s.m.s.DefaultHandlerExceptionResolver : Resolved [org.springframework.web.HttpRequestMethodNotSupportedException: Request method 'GET' not supported]
2021-10-01 19:38:07.866  WARN 53294 --- [http-nio-8080-exec-5] .w.s.m.s.DefaultHandlerExceptionResolver : Resolved [org.springframework.web.HttpRequestMethodNotSupportedException: Request method 'GET' not supported]
2021-10-01 19:38:18.194  WARN 53294 --- [http-nio-8080-exec-6] .w.s.m.s.DefaultHandlerExceptionResolver : Resolved [org.springframework.web.HttpRequestMethodNotSupportedException: Request method 'GET' not supported]
2021-10-01 19:38:25.533  WARN 53294 --- [http-nio-8080-exec-7] .w.s.m.s.DefaultHandlerExceptionResolver : Resolved [org.springframework.web.HttpRequestMethodNotSupportedException: Request method 'GET' not supported]
2021-10-01 19:38:30.265  WARN 53294 --- [http-nio-8080-exec-8] .w.s.m.s.DefaultHandlerExceptionResolver : Resolved [org.springframework.web.HttpRequestMethodNotSupportedException: Request method 'GET' not supported]
2021-10-01 19:40:41.715  WARN 53294 --- [http-nio-8080-exec-2] .w.s.m.s.DefaultHandlerExceptionResolver : Resolved [org.springframework.web.HttpRequestMethodNotSupportedException: Request method 'GET' not supported]
2021-10-01 19:40:55.928  WARN 53294 --- [http-nio-8080-exec-3] .w.s.m.s.DefaultHandlerExceptionResolver : Resolved [org.springframework.web.HttpRequestMethodNotSupportedException: Request method 'GET' not supported]
2021-10-01 19:57:42.093  INFO 55968 --- [restartedMain] c.h.hellodemo.HelloDemoApplication       : Starting HelloDemoApplication using Java 17 on odin-Lenovo-Legion-R7000P2020H with PID 55968 (/home/odin/Git_repos/Dian_blog_backend/helloDemo/target/classes started by odin in /home/odin/Git_repos/Dian_blog_backend/helloDemo)
2021-10-01 19:57:42.095  INFO 55968 --- [restartedMain] c.h.hellodemo.HelloDemoApplication       : No active profile set, falling back to default profiles: default
2021-10-01 19:57:42.147  INFO 55968 --- [restartedMain] .e.DevToolsPropertyDefaultsPostProcessor : Devtools property defaults active! Set 'spring.devtools.add-properties' to 'false' to disable
2021-10-01 19:57:42.148  INFO 55968 --- [restartedMain] .e.DevToolsPropertyDefaultsPostProcessor : For additional web related logging consider setting the 'logging.level.web' property to 'DEBUG'
2021-10-01 19:57:42.883  INFO 55968 --- [restartedMain] o.s.b.w.embedded.tomcat.TomcatWebServer  : Tomcat initialized with port(s): 8080 (http)
2021-10-01 19:57:42.891  INFO 55968 --- [restartedMain] o.apache.catalina.core.StandardService   : Starting service [Tomcat]
2021-10-01 19:57:42.892  INFO 55968 --- [restartedMain] org.apache.catalina.core.StandardEngine  : Starting Servlet engine: [Apache Tomcat/9.0.53]
2021-10-01 19:57:42.927  INFO 55968 --- [restartedMain] o.a.c.c.C.[Tomcat].[localhost].[/]       : Initializing Spring embedded WebApplicationContext
2021-10-01 19:57:42.928  INFO 55968 --- [restartedMain] w.s.c.ServletWebServerApplicationContext : Root WebApplicationContext: initialization completed in 780 ms
2021-10-01 19:57:43.207  INFO 55968 --- [restartedMain] o.s.b.d.a.OptionalLiveReloadServer       : LiveReload server is running on port 35729
2021-10-01 19:57:43.229  INFO 55968 --- [restartedMain] o.s.b.w.embedded.tomcat.TomcatWebServer  : Tomcat started on port(s): 8080 (http) with context path ''
2021-10-01 19:57:43.239  INFO 55968 --- [restartedMain] c.h.hellodemo.HelloDemoApplication       : Started HelloDemoApplication in 1.577 seconds (JVM running for 2.216)
2021-10-01 20:07:26.837  INFO 57346 --- [restartedMain] c.h.hellodemo.HelloDemoApplication       : Starting HelloDemoApplication using Java 17 on odin-Lenovo-Legion-R7000P2020H with PID 57346 (/home/odin/Git_repos/Dian_blog_backend/helloDemo/target/classes started by odin in /home/odin/Git_repos/Dian_blog_backend/helloDemo)
2021-10-01 20:07:26.840  INFO 57346 --- [restartedMain] c.h.hellodemo.HelloDemoApplication       : No active profile set, falling back to default profiles: default
2021-10-01 20:07:26.888  INFO 57346 --- [restartedMain] .e.DevToolsPropertyDefaultsPostProcessor : Devtools property defaults active! Set 'spring.devtools.add-properties' to 'false' to disable
2021-10-01 20:07:26.888  INFO 57346 --- [restartedMain] .e.DevToolsPropertyDefaultsPostProcessor : For additional web related logging consider setting the 'logging.level.web' property to 'DEBUG'
2021-10-01 20:07:27.612  INFO 57346 --- [restartedMain] o.s.b.w.embedded.tomcat.TomcatWebServer  : Tomcat initialized with port(s): 8080 (http)
2021-10-01 20:07:27.619  INFO 57346 --- [restartedMain] o.apache.catalina.core.StandardService   : Starting service [Tomcat]
2021-10-01 20:07:27.619  INFO 57346 --- [restartedMain] org.apache.catalina.core.StandardEngine  : Starting Servlet engine: [Apache Tomcat/9.0.53]
2021-10-01 20:07:27.658  INFO 57346 --- [restartedMain] o.a.c.c.C.[Tomcat].[localhost].[/]       : Initializing Spring embedded WebApplicationContext
2021-10-01 20:07:27.658  INFO 57346 --- [restartedMain] w.s.c.ServletWebServerApplicationContext : Root WebApplicationContext: initialization completed in 770 ms
2021-10-01 20:07:27.947  INFO 57346 --- [restartedMain] o.s.b.d.a.OptionalLiveReloadServer       : LiveReload server is running on port 35729
2021-10-01 20:07:27.972  INFO 57346 --- [restartedMain] o.s.b.w.embedded.tomcat.TomcatWebServer  : Tomcat started on port(s): 8080 (http) with context path ''
2021-10-01 20:07:27.986  INFO 57346 --- [restartedMain] c.h.hellodemo.HelloDemoApplication       : Started HelloDemoApplication in 1.518 seconds (JVM running for 2.054)
2021-10-01 20:07:34.904  INFO 57346 --- [http-nio-8080-exec-2] o.a.c.c.C.[Tomcat].[localhost].[/]       : Initializing Spring DispatcherServlet 'dispatcherServlet'
2021-10-01 20:07:34.904  INFO 57346 --- [http-nio-8080-exec-2] o.s.web.servlet.DispatcherServlet        : Initializing Servlet 'dispatcherServlet'
2021-10-01 20:07:34.905  INFO 57346 --- [http-nio-8080-exec-2] o.s.web.servlet.DispatcherServlet        : Completed initialization in 1 ms
2021-10-01 20:07:34.914  WARN 57346 --- [http-nio-8080-exec-2] .w.s.m.s.DefaultHandlerExceptionResolver : Resolved [org.springframework.web.HttpRequestMethodNotSupportedException: Request method 'GET' not supported]
2021-10-01 20:07:58.829  WARN 57346 --- [http-nio-8080-exec-3] .w.s.m.s.DefaultHandlerExceptionResolver : Resolved [org.springframework.web.HttpRequestMethodNotSupportedException: Request method 'GET' not supported]
2021-10-01 20:08:00.950  WARN 57346 --- [http-nio-8080-exec-4] .w.s.m.s.DefaultHandlerExceptionResolver : Resolved [org.springframework.web.HttpRequestMethodNotSupportedException: Request method 'GET' not supported]
2021-10-01 20:31:15.268  INFO 59255 --- [restartedMain] c.h.hellodemo.HelloDemoApplication       : Starting HelloDemoApplication using Java 17 on odin-Lenovo-Legion-R7000P2020H with PID 59255 (/home/odin/Git_repos/Dian_blog_backend/helloDemo/target/classes started by odin in /home/odin/Git_repos/Dian_blog_backend/helloDemo)
2021-10-01 20:31:15.270  INFO 59255 --- [restartedMain] c.h.hellodemo.HelloDemoApplication       : No active profile set, falling back to default profiles: default
2021-10-01 20:31:15.311  INFO 59255 --- [restartedMain] .e.DevToolsPropertyDefaultsPostProcessor : Devtools property defaults active! Set 'spring.devtools.add-properties' to 'false' to disable
2021-10-01 20:31:15.311  INFO 59255 --- [restartedMain] .e.DevToolsPropertyDefaultsPostProcessor : For additional web related logging consider setting the 'logging.level.web' property to 'DEBUG'
2021-10-01 20:31:15.974  INFO 59255 --- [restartedMain] o.s.b.w.embedded.tomcat.TomcatWebServer  : Tomcat initialized with port(s): 8080 (http)
2021-10-01 20:31:15.981  INFO 59255 --- [restartedMain] o.apache.catalina.core.StandardService   : Starting service [Tomcat]
2021-10-01 20:31:15.981  INFO 59255 --- [restartedMain] org.apache.catalina.core.StandardEngine  : Starting Servlet engine: [Apache Tomcat/9.0.53]
2021-10-01 20:31:16.015  INFO 59255 --- [restartedMain] o.a.c.c.C.[Tomcat].[localhost].[/]       : Initializing Spring embedded WebApplicationContext
2021-10-01 20:31:16.015  INFO 59255 --- [restartedMain] w.s.c.ServletWebServerApplicationContext : Root WebApplicationContext: initialization completed in 703 ms
2021-10-01 20:31:16.277  INFO 59255 --- [restartedMain] o.s.b.d.a.OptionalLiveReloadServer       : LiveReload server is running on port 35729
2021-10-01 20:31:16.295  INFO 59255 --- [restartedMain] o.s.b.w.embedded.tomcat.TomcatWebServer  : Tomcat started on port(s): 8080 (http) with context path ''
2021-10-01 20:31:16.305  INFO 59255 --- [restartedMain] c.h.hellodemo.HelloDemoApplication       : Started HelloDemoApplication in 1.426 seconds (JVM running for 2.022)
2021-10-01 20:31:46.258  INFO 59255 --- [http-nio-8080-exec-1] o.a.c.c.C.[Tomcat].[localhost].[/]       : Initializing Spring DispatcherServlet 'dispatcherServlet'
2021-10-01 20:31:46.258  INFO 59255 --- [http-nio-8080-exec-1] o.s.web.servlet.DispatcherServlet        : Initializing Servlet 'dispatcherServlet'
2021-10-01 20:31:46.259  INFO 59255 --- [http-nio-8080-exec-1] o.s.web.servlet.DispatcherServlet        : Completed initialization in 1 ms
2021-10-01 20:32:17.467  INFO 59458 --- [restartedMain] c.h.hellodemo.HelloDemoApplication       : Starting HelloDemoApplication using Java 17 on odin-Lenovo-Legion-R7000P2020H with PID 59458 (/home/odin/Git_repos/Dian_blog_backend/helloDemo/target/classes started by odin in /home/odin/Git_repos/Dian_blog_backend/helloDemo)
2021-10-01 20:32:17.469  INFO 59458 --- [restartedMain] c.h.hellodemo.HelloDemoApplication       : No active profile set, falling back to default profiles: default
2021-10-01 20:32:17.521  INFO 59458 --- [restartedMain] .e.DevToolsPropertyDefaultsPostProcessor : Devtools property defaults active! Set 'spring.devtools.add-properties' to 'false' to disable
2021-10-01 20:32:17.521  INFO 59458 --- [restartedMain] .e.DevToolsPropertyDefaultsPostProcessor : For additional web related logging consider setting the 'logging.level.web' property to 'DEBUG'
2021-10-01 20:32:18.202  INFO 59458 --- [restartedMain] o.s.b.w.embedded.tomcat.TomcatWebServer  : Tomcat initialized with port(s): 8080 (http)
2021-10-01 20:32:18.209  INFO 59458 --- [restartedMain] o.apache.catalina.core.StandardService   : Starting service [Tomcat]
2021-10-01 20:32:18.209  INFO 59458 --- [restartedMain] org.apache.catalina.core.StandardEngine  : Starting Servlet engine: [Apache Tomcat/9.0.53]
2021-10-01 20:32:18.241  INFO 59458 --- [restartedMain] o.a.c.c.C.[Tomcat].[localhost].[/]       : Initializing Spring embedded WebApplicationContext
2021-10-01 20:32:18.242  INFO 59458 --- [restartedMain] w.s.c.ServletWebServerApplicationContext : Root WebApplicationContext: initialization completed in 720 ms
2021-10-01 20:32:18.521  INFO 59458 --- [restartedMain] o.s.b.d.a.OptionalLiveReloadServer       : LiveReload server is running on port 35729
2021-10-01 20:32:18.545  INFO 59458 --- [restartedMain] o.s.b.w.embedded.tomcat.TomcatWebServer  : Tomcat started on port(s): 8080 (http) with context path ''
2021-10-01 20:32:18.555  INFO 59458 --- [restartedMain] c.h.hellodemo.HelloDemoApplication       : Started HelloDemoApplication in 1.463 seconds (JVM running for 2.015)
2021-10-01 20:32:51.226  INFO 59458 --- [http-nio-8080-exec-2] o.a.c.c.C.[Tomcat].[localhost].[/]       : Initializing Spring DispatcherServlet 'dispatcherServlet'
2021-10-01 20:32:51.227  INFO 59458 --- [http-nio-8080-exec-2] o.s.web.servlet.DispatcherServlet        : Initializing Servlet 'dispatcherServlet'
2021-10-01 20:32:51.227  INFO 59458 --- [http-nio-8080-exec-2] o.s.web.servlet.DispatcherServlet        : Completed initialization in 0 ms
2021-10-01 20:32:51.253  WARN 59458 --- [http-nio-8080-exec-2] .w.s.m.s.DefaultHandlerExceptionResolver : Resolved [org.springframework.http.converter.HttpMessageNotReadableException: Required request body is missing: public java.lang.String com.hellodemo.hellodemo.controller.HelloController3.sayHello3(com.hellodemo.hellodemo.controller.YourId,java.lang.Integer)]
2021-10-01 20:34:37.181  INFO 59741 --- [restartedMain] c.h.hellodemo.HelloDemoApplication       : Starting HelloDemoApplication using Java 17 on odin-Lenovo-Legion-R7000P2020H with PID 59741 (/home/odin/Git_repos/Dian_blog_backend/helloDemo/target/classes started by odin in /home/odin/Git_repos/Dian_blog_backend/helloDemo)
2021-10-01 20:34:37.184  INFO 59741 --- [restartedMain] c.h.hellodemo.HelloDemoApplication       : No active profile set, falling back to default profiles: default
2021-10-01 20:34:37.236  INFO 59741 --- [restartedMain] .e.DevToolsPropertyDefaultsPostProcessor : Devtools property defaults active! Set 'spring.devtools.add-properties' to 'false' to disable
2021-10-01 20:34:37.236  INFO 59741 --- [restartedMain] .e.DevToolsPropertyDefaultsPostProcessor : For additional web related logging consider setting the 'logging.level.web' property to 'DEBUG'
2021-10-01 20:34:37.940  INFO 59741 --- [restartedMain] o.s.b.w.embedded.tomcat.TomcatWebServer  : Tomcat initialized with port(s): 8080 (http)
2021-10-01 20:34:37.947  INFO 59741 --- [restartedMain] o.apache.catalina.core.StandardService   : Starting service [Tomcat]
2021-10-01 20:34:37.948  INFO 59741 --- [restartedMain] org.apache.catalina.core.StandardEngine  : Starting Servlet engine: [Apache Tomcat/9.0.53]
2021-10-01 20:34:37.983  INFO 59741 --- [restartedMain] o.a.c.c.C.[Tomcat].[localhost].[/]       : Initializing Spring embedded WebApplicationContext
2021-10-01 20:34:37.984  INFO 59741 --- [restartedMain] w.s.c.ServletWebServerApplicationContext : Root WebApplicationContext: initialization completed in 747 ms
2021-10-01 20:34:38.258  INFO 59741 --- [restartedMain] o.s.b.d.a.OptionalLiveReloadServer       : LiveReload server is running on port 35729
2021-10-01 20:34:38.279  INFO 59741 --- [restartedMain] o.s.b.w.embedded.tomcat.TomcatWebServer  : Tomcat started on port(s): 8080 (http) with context path ''
2021-10-01 20:34:38.289  INFO 59741 --- [restartedMain] c.h.hellodemo.HelloDemoApplication       : Started HelloDemoApplication in 1.499 seconds (JVM running for 2.082)
2021-10-01 20:34:40.881  INFO 59741 --- [http-nio-8080-exec-2] o.a.c.c.C.[Tomcat].[localhost].[/]       : Initializing Spring DispatcherServlet 'dispatcherServlet'
2021-10-01 20:34:40.881  INFO 59741 --- [http-nio-8080-exec-2] o.s.web.servlet.DispatcherServlet        : Initializing Servlet 'dispatcherServlet'
2021-10-01 20:34:40.882  INFO 59741 --- [http-nio-8080-exec-2] o.s.web.servlet.DispatcherServlet        : Completed initialization in 1 ms
2021-10-01 20:34:40.907  WARN 59741 --- [http-nio-8080-exec-2] .w.s.m.s.DefaultHandlerExceptionResolver : Resolved [org.springframework.http.converter.HttpMessageNotReadableException: Required request body is missing: public java.lang.String com.hellodemo.hellodemo.controller.HelloController3.sayHello3(com.hellodemo.hellodemo.controller.YourId,java.lang.Integer)]
2021-10-01 20:34:50.576  WARN 59741 --- [http-nio-8080-exec-4] .w.s.m.s.DefaultHandlerExceptionResolver : Resolved [org.springframework.http.converter.HttpMessageNotReadableException: Required request body is missing: public java.lang.String com.hellodemo.hellodemo.controller.HelloController3.sayHello3(com.hellodemo.hellodemo.controller.YourId,java.lang.Integer)]
2021-10-01 20:41:24.952  WARN 59741 --- [http-nio-8080-exec-6] .w.s.m.s.DefaultHandlerExceptionResolver : Resolved [org.springframework.http.converter.HttpMessageNotReadableException: Required request body is missing: public java.lang.String com.hellodemo.hellodemo.controller.HelloController3.sayHello3(com.hellodemo.hellodemo.controller.YourId,java.lang.Integer)]
2021-10-01 20:41:26.282  WARN 59741 --- [http-nio-8080-exec-8] .w.s.m.s.DefaultHandlerExceptionResolver : Resolved [org.springframework.http.converter.HttpMessageNotReadableException: Required request body is missing: public java.lang.String com.hellodemo.hellodemo.controller.HelloController3.sayHello3(com.hellodemo.hellodemo.controller.YourId,java.lang.Integer)]
2021-10-01 20:41:34.311  WARN 59741 --- [http-nio-8080-exec-10] .w.s.m.s.DefaultHandlerExceptionResolver : Resolved [org.springframework.http.converter.HttpMessageNotReadableException: Required request body is missing: public java.lang.String com.hellodemo.hellodemo.controller.HelloController3.sayHello3(com.hellodemo.hellodemo.controller.YourId,java.lang.Integer)]
2021-10-01 20:41:35.392  WARN 59741 --- [http-nio-8080-exec-2] .w.s.m.s.DefaultHandlerExceptionResolver : Resolved [org.springframework.http.converter.HttpMessageNotReadableException: Required request body is missing: public java.lang.String com.hellodemo.hellodemo.controller.HelloController3.sayHello3(com.hellodemo.hellodemo.controller.YourId,java.lang.Integer)]
2021-10-01 20:43:45.310  INFO 60462 --- [restartedMain] c.h.hellodemo.HelloDemoApplication       : Starting HelloDemoApplication using Java 17 on odin-Lenovo-Legion-R7000P2020H with PID 60462 (/home/odin/Git_repos/Dian_blog_backend/helloDemo/target/classes started by odin in /home/odin/Git_repos/Dian_blog_backend/helloDemo)
2021-10-01 20:43:45.312  INFO 60462 --- [restartedMain] c.h.hellodemo.HelloDemoApplication       : No active profile set, falling back to default profiles: default
2021-10-01 20:43:45.349  INFO 60462 --- [restartedMain] .e.DevToolsPropertyDefaultsPostProcessor : Devtools property defaults active! Set 'spring.devtools.add-properties' to 'false' to disable
2021-10-01 20:43:45.349  INFO 60462 --- [restartedMain] .e.DevToolsPropertyDefaultsPostProcessor : For additional web related logging consider setting the 'logging.level.web' property to 'DEBUG'
2021-10-01 20:43:46.014  INFO 60462 --- [restartedMain] o.s.b.w.embedded.tomcat.TomcatWebServer  : Tomcat initialized with port(s): 8080 (http)
2021-10-01 20:43:46.021  INFO 60462 --- [restartedMain] o.apache.catalina.core.StandardService   : Starting service [Tomcat]
2021-10-01 20:43:46.022  INFO 60462 --- [restartedMain] org.apache.catalina.core.StandardEngine  : Starting Servlet engine: [Apache Tomcat/9.0.53]
2021-10-01 20:43:46.057  INFO 60462 --- [restartedMain] o.a.c.c.C.[Tomcat].[localhost].[/]       : Initializing Spring embedded WebApplicationContext
2021-10-01 20:43:46.057  INFO 60462 --- [restartedMain] w.s.c.ServletWebServerApplicationContext : Root WebApplicationContext: initialization completed in 707 ms
2021-10-01 20:43:46.314  INFO 60462 --- [restartedMain] o.s.b.d.a.OptionalLiveReloadServer       : LiveReload server is running on port 35729
2021-10-01 20:43:46.333  INFO 60462 --- [restartedMain] o.s.b.w.embedded.tomcat.TomcatWebServer  : Tomcat started on port(s): 8080 (http) with context path ''
2021-10-01 20:43:46.343  INFO 60462 --- [restartedMain] c.h.hellodemo.HelloDemoApplication       : Started HelloDemoApplication in 1.39 seconds (JVM running for 2.033)
2021-10-01 20:43:47.932  INFO 60462 --- [http-nio-8080-exec-1] o.a.c.c.C.[Tomcat].[localhost].[/]       : Initializing Spring DispatcherServlet 'dispatcherServlet'
2021-10-01 20:43:47.932  INFO 60462 --- [http-nio-8080-exec-1] o.s.web.servlet.DispatcherServlet        : Initializing Servlet 'dispatcherServlet'
2021-10-01 20:43:47.933  INFO 60462 --- [http-nio-8080-exec-1] o.s.web.servlet.DispatcherServlet        : Completed initialization in 0 ms
2021-10-01 20:43:47.954  WARN 60462 --- [http-nio-8080-exec-1] .w.s.m.s.DefaultHandlerExceptionResolver : Resolved [org.springframework.http.converter.HttpMessageNotReadableException: Required request body is missing: public java.lang.String com.hellodemo.hellodemo.controller.HelloController3.yourId1(com.hellodemo.hellodemo.controller.YourId,java.lang.Integer)]
2021-10-01 20:44:04.876  WARN 60462 --- [http-nio-8080-exec-4] .w.s.m.s.DefaultHandlerExceptionResolver : Resolved [org.springframework.http.converter.HttpMessageNotReadableException: Required request body is missing: public java.lang.String com.hellodemo.hellodemo.controller.HelloController3.yourId1(com.hellodemo.hellodemo.controller.YourId,java.lang.Integer)]
2021-10-01 20:44:06.332  WARN 60462 --- [http-nio-8080-exec-6] .w.s.m.s.DefaultHandlerExceptionResolver : Resolved [org.springframework.http.converter.HttpMessageNotReadableException: Required request body is missing: public java.lang.String com.hellodemo.hellodemo.controller.HelloController3.yourId1(com.hellodemo.hellodemo.controller.YourId,java.lang.Integer)]
2021-10-01 20:46:26.357  INFO 60709 --- [restartedMain] c.h.hellodemo.HelloDemoApplication       : Starting HelloDemoApplication using Java 17 on odin-Lenovo-Legion-R7000P2020H with PID 60709 (/home/odin/Git_repos/Dian_blog_backend/helloDemo/target/classes started by odin in /home/odin/Git_repos/Dian_blog_backend/helloDemo)
2021-10-01 20:46:26.359  INFO 60709 --- [restartedMain] c.h.hellodemo.HelloDemoApplication       : No active profile set, falling back to default profiles: default
2021-10-01 20:46:26.416  INFO 60709 --- [restartedMain] .e.DevToolsPropertyDefaultsPostProcessor : Devtools property defaults active! Set 'spring.devtools.add-properties' to 'false' to disable
2021-10-01 20:46:26.416  INFO 60709 --- [restartedMain] .e.DevToolsPropertyDefaultsPostProcessor : For additional web related logging consider setting the 'logging.level.web' property to 'DEBUG'
2021-10-01 20:46:27.175  INFO 60709 --- [restartedMain] o.s.b.w.embedded.tomcat.TomcatWebServer  : Tomcat initialized with port(s): 8080 (http)
2021-10-01 20:46:27.183  INFO 60709 --- [restartedMain] o.apache.catalina.core.StandardService   : Starting service [Tomcat]
2021-10-01 20:46:27.184  INFO 60709 --- [restartedMain] org.apache.catalina.core.StandardEngine  : Starting Servlet engine: [Apache Tomcat/9.0.53]
2021-10-01 20:46:27.223  INFO 60709 --- [restartedMain] o.a.c.c.C.[Tomcat].[localhost].[/]       : Initializing Spring embedded WebApplicationContext
2021-10-01 20:46:27.223  INFO 60709 --- [restartedMain] w.s.c.ServletWebServerApplicationContext : Root WebApplicationContext: initialization completed in 806 ms
2021-10-01 20:46:27.499  INFO 60709 --- [restartedMain] o.s.b.d.a.OptionalLiveReloadServer       : LiveReload server is running on port 35729
2021-10-01 20:46:27.520  INFO 60709 --- [restartedMain] o.s.b.w.embedded.tomcat.TomcatWebServer  : Tomcat started on port(s): 8080 (http) with context path ''
2021-10-01 20:46:27.530  INFO 60709 --- [restartedMain] c.h.hellodemo.HelloDemoApplication       : Started HelloDemoApplication in 1.551 seconds (JVM running for 2.136)
2021-10-01 20:46:36.808  INFO 60709 --- [http-nio-8080-exec-1] o.a.c.c.C.[Tomcat].[localhost].[/]       : Initializing Spring DispatcherServlet 'dispatcherServlet'
2021-10-01 20:46:36.809  INFO 60709 --- [http-nio-8080-exec-1] o.s.web.servlet.DispatcherServlet        : Initializing Servlet 'dispatcherServlet'
2021-10-01 20:46:36.809  INFO 60709 --- [http-nio-8080-exec-1] o.s.web.servlet.DispatcherServlet        : Completed initialization in 0 ms
2021-10-01 20:46:36.829  WARN 60709 --- [http-nio-8080-exec-1] .w.s.m.s.DefaultHandlerExceptionResolver : Resolved [org.springframework.http.converter.HttpMessageNotReadableException: Required request body is missing: public java.lang.String com.hellodemo.hellodemo.controller.HelloController3.yourId1(com.hellodemo.hellodemo.controller.YourId)]
2021-10-01 20:48:40.093  WARN 60709 --- [http-nio-8080-exec-4] .w.s.m.s.DefaultHandlerExceptionResolver : Resolved [org.springframework.http.converter.HttpMessageNotReadableException: Required request body is missing: public java.lang.String com.hellodemo.hellodemo.controller.HelloController3.yourId1(com.hellodemo.hellodemo.controller.YourId)]
2021-10-01 20:49:36.447  WARN 60709 --- [http-nio-8080-exec-6] .w.s.m.s.DefaultHandlerExceptionResolver : Resolved [org.springframework.http.converter.HttpMessageNotReadableException: Required request body is missing: public java.lang.String com.hellodemo.hellodemo.controller.HelloController3.yourId1(com.hellodemo.hellodemo.controller.YourId)]
2021-10-01 20:49:51.408  WARN 60709 --- [http-nio-8080-exec-8] .w.s.m.s.DefaultHandlerExceptionResolver : Resolved [org.springframework.web.HttpMediaTypeNotSupportedException: Content type 'multipart/form-data;boundary=--------------------------496104275986329690818442;charset=UTF-8' not supported]
2021-10-01 20:49:57.706  WARN 60709 --- [http-nio-8080-exec-9] .w.s.m.s.DefaultHandlerExceptionResolver : Resolved [org.springframework.http.converter.HttpMessageNotReadableException: Required request body is missing: public java.lang.String com.hellodemo.hellodemo.controller.HelloController3.yourId1(com.hellodemo.hellodemo.controller.YourId)]
2021-10-01 20:50:00.075  WARN 60709 --- [http-nio-8080-exec-2] .w.s.m.s.DefaultHandlerExceptionResolver : Resolved [org.springframework.web.HttpMediaTypeNotSupportedException: Content type 'multipart/form-data;boundary=--------------------------348679229028151122141310;charset=UTF-8' not supported]
2021-10-01 20:50:03.743  WARN 60709 --- [http-nio-8080-exec-1] .w.s.m.s.DefaultHandlerExceptionResolver : Resolved [org.springframework.http.converter.HttpMessageNotReadableException: Required request body is missing: public java.lang.String com.hellodemo.hellodemo.controller.HelloController3.yourId1(com.hellodemo.hellodemo.controller.YourId)]
2021-10-01 20:55:05.171  INFO 61723 --- [restartedMain] c.h.hellodemo.HelloDemoApplication       : Starting HelloDemoApplication using Java 17 on odin-Lenovo-Legion-R7000P2020H with PID 61723 (/home/odin/Git_repos/Dian_blog_backend/helloDemo/target/classes started by odin in /home/odin/Git_repos/Dian_blog_backend/helloDemo)
2021-10-01 20:55:05.174  INFO 61723 --- [restartedMain] c.h.hellodemo.HelloDemoApplication       : No active profile set, falling back to default profiles: default
2021-10-01 20:55:05.229  INFO 61723 --- [restartedMain] .e.DevToolsPropertyDefaultsPostProcessor : Devtools property defaults active! Set 'spring.devtools.add-properties' to 'false' to disable
2021-10-01 20:55:05.229  INFO 61723 --- [restartedMain] .e.DevToolsPropertyDefaultsPostProcessor : For additional web related logging consider setting the 'logging.level.web' property to 'DEBUG'
2021-10-01 20:55:05.982  INFO 61723 --- [restartedMain] o.s.b.w.embedded.tomcat.TomcatWebServer  : Tomcat initialized with port(s): 8080 (http)
2021-10-01 20:55:05.989  INFO 61723 --- [restartedMain] o.apache.catalina.core.StandardService   : Starting service [Tomcat]
2021-10-01 20:55:05.990  INFO 61723 --- [restartedMain] org.apache.catalina.core.StandardEngine  : Starting Servlet engine: [Apache Tomcat/9.0.53]
2021-10-01 20:55:06.030  INFO 61723 --- [restartedMain] o.a.c.c.C.[Tomcat].[localhost].[/]       : Initializing Spring embedded WebApplicationContext
2021-10-01 20:55:06.030  INFO 61723 --- [restartedMain] w.s.c.ServletWebServerApplicationContext : Root WebApplicationContext: initialization completed in 800 ms
2021-10-01 20:55:06.317  INFO 61723 --- [restartedMain] o.s.b.d.a.OptionalLiveReloadServer       : LiveReload server is running on port 35729
2021-10-01 20:55:06.339  INFO 61723 --- [restartedMain] o.s.b.w.embedded.tomcat.TomcatWebServer  : Tomcat started on port(s): 8080 (http) with context path ''
2021-10-01 20:55:06.350  INFO 61723 --- [restartedMain] c.h.hellodemo.HelloDemoApplication       : Started HelloDemoApplication in 1.591 seconds (JVM running for 2.126)
2021-10-01 20:55:09.259  INFO 61723 --- [http-nio-8080-exec-2] o.a.c.c.C.[Tomcat].[localhost].[/]       : Initializing Spring DispatcherServlet 'dispatcherServlet'
2021-10-01 20:55:09.260  INFO 61723 --- [http-nio-8080-exec-2] o.s.web.servlet.DispatcherServlet        : Initializing Servlet 'dispatcherServlet'
2021-10-01 20:55:09.261  INFO 61723 --- [http-nio-8080-exec-2] o.s.web.servlet.DispatcherServlet        : Completed initialization in 1 ms
2021-10-01 21:11:27.238  INFO 63230 --- [restartedMain] c.h.hellodemo.HelloDemoApplication       : Starting HelloDemoApplication using Java 17 on odin-Lenovo-Legion-R7000P2020H with PID 63230 (/home/odin/Git_repos/Dian_blog_backend/helloDemo/target/classes started by odin in /home/odin/Git_repos/Dian_blog_backend/helloDemo)
2021-10-01 21:11:27.240  INFO 63230 --- [restartedMain] c.h.hellodemo.HelloDemoApplication       : No active profile set, falling back to default profiles: default
2021-10-01 21:11:27.283  INFO 63230 --- [restartedMain] .e.DevToolsPropertyDefaultsPostProcessor : Devtools property defaults active! Set 'spring.devtools.add-properties' to 'false' to disable
2021-10-01 21:11:27.284  INFO 63230 --- [restartedMain] .e.DevToolsPropertyDefaultsPostProcessor : For additional web related logging consider setting the 'logging.level.web' property to 'DEBUG'
2021-10-01 21:11:27.993  INFO 63230 --- [restartedMain] o.s.b.w.embedded.tomcat.TomcatWebServer  : Tomcat initialized with port(s): 8080 (http)
2021-10-01 21:11:28.001  INFO 63230 --- [restartedMain] o.apache.catalina.core.StandardService   : Starting service [Tomcat]
2021-10-01 21:11:28.002  INFO 63230 --- [restartedMain] org.apache.catalina.core.StandardEngine  : Starting Servlet engine: [Apache Tomcat/9.0.53]
2021-10-01 21:11:28.044  INFO 63230 --- [restartedMain] o.a.c.c.C.[Tomcat].[localhost].[/]       : Initializing Spring embedded WebApplicationContext
2021-10-01 21:11:28.044  INFO 63230 --- [restartedMain] w.s.c.ServletWebServerApplicationContext : Root WebApplicationContext: initialization completed in 760 ms
2021-10-01 21:11:28.342  INFO 63230 --- [restartedMain] o.s.b.d.a.OptionalLiveReloadServer       : LiveReload server is running on port 35729
2021-10-01 21:11:28.365  INFO 63230 --- [restartedMain] o.s.b.w.embedded.tomcat.TomcatWebServer  : Tomcat started on port(s): 8080 (http) with context path ''
2021-10-01 21:11:28.376  INFO 63230 --- [restartedMain] c.h.hellodemo.HelloDemoApplication       : Started HelloDemoApplication in 1.517 seconds (JVM running for 2.088)
2021-10-01 21:12:06.874  INFO 63230 --- [http-nio-8080-exec-1] o.a.c.c.C.[Tomcat].[localhost].[/]       : Initializing Spring DispatcherServlet 'dispatcherServlet'
2021-10-01 21:12:06.874  INFO 63230 --- [http-nio-8080-exec-1] o.s.web.servlet.DispatcherServlet        : Initializing Servlet 'dispatcherServlet'
2021-10-01 21:12:06.875  INFO 63230 --- [http-nio-8080-exec-1] o.s.web.servlet.DispatcherServlet        : Completed initialization in 1 ms
